;  LST file generated by mikroListExporter - v.2.0 
; Date/Time: 4/18/2020 5:46:37 PM
;----------------------------------------------

;Address Opcode 	ASM
0x0000	0xF004EF03  	GOTO        2054
0x0004	0x0000      	NOP
0x0006	0x0000      	NOP
0x0008	0xF000EF00  	GOTO        0
0x000C	0x0000      	NOP
0x000E	0x0000      	NOP
0x0010	0x0000      	NOP
0x0012	0x0000      	NOP
0x0014	0x0000      	NOP
0x0016	0x0000      	NOP
0x0018	0xD7F3      	BRA         0
_RES032:
;__Lib_MathDouble.c,128 :: 		
;__Lib_MathDouble.c,134 :: 		
0x001C	0x6A02      	CLRF        R2, 0
;__Lib_MathDouble.c,135 :: 		
0x001E	0x6A01      	CLRF        R1, 0
;__Lib_MathDouble.c,136 :: 		
0x0020	0x6A00      	CLRF        R0, 0
;__Lib_MathDouble.c,137 :: 		
0x0022	0x6A08      	CLRF        R8, 0
;__Lib_MathDouble.c,138 :: 		
0x0024	0x6A03      	CLRF        R3, 0
;__Lib_MathDouble.c,139 :: 		
0x0026	0x0E00      	MOVLW       0
;__Lib_MathDouble.c,141 :: 		
L_end_RES032:
0x0028	0x0012      	RETURN      0
; end of _RES032
_SETFOV32:
;__Lib_MathDouble.c,82 :: 		
;__Lib_MathDouble.c,90 :: 		
0x002A	0x820B      	BSF         R11, 1, 0
;__Lib_MathDouble.c,91 :: 		
0x002C	0xAE0B      	BTFSS       R11, 7, 0
;__Lib_MathDouble.c,92 :: 		
0x002E	0xF000EF1F  	GOTO        SETFOV32EEE
;__Lib_MathDouble.c,94 :: 		
0x0032	0x6803      	SETF        R3, 0
;__Lib_MathDouble.c,95 :: 		
0x0034	0x6802      	SETF        R2, 0
;__Lib_MathDouble.c,96 :: 		
0x0036	0x6801      	SETF        R1, 0
;__Lib_MathDouble.c,97 :: 		
0x0038	0x6800      	SETF        R0, 0
;__Lib_MathDouble.c,98 :: 		
0x003A	0x360A      	RLCF        R10, 1, 0
;__Lib_MathDouble.c,99 :: 		
0x003C	0x3202      	RRCF        R2, 1, 0
;__Lib_MathDouble.c,100 :: 		
SETFOV32EEE:
;__Lib_MathDouble.c,101 :: 		
0x003E	0x0EFF      	MOVLW       255
;__Lib_MathDouble.c,103 :: 		
L_end_SETFOV32:
0x0040	0x0012      	RETURN      0
; end of _SETFOV32
_FIXSIGN32:
;__Lib_MathDouble.c,117 :: 		
;__Lib_MathDouble.c,121 :: 		
0x0042	0xAE0A      	BTFSS       R10, 7, 0
;__Lib_MathDouble.c,122 :: 		
0x0044	0x9E02      	BCF         R2, 7, 0
;__Lib_MathDouble.c,123 :: 		
0x0046	0x0E00      	MOVLW       0
;__Lib_MathDouble.c,125 :: 		
L_end_FIXSIGN32:
0x0048	0x0012      	RETURN      0
; end of _FIXSIGN32
_SETFUN32:
;__Lib_MathDouble.c,144 :: 		
;__Lib_MathDouble.c,152 :: 		
0x004A	0x840B      	BSF         R11, 2, 0
;__Lib_MathDouble.c,153 :: 		
0x004C	0xAE0B      	BTFSS       R11, 7, 0
;__Lib_MathDouble.c,154 :: 		
0x004E	0xF000EF30  	GOTO        SETFUN32EEE
;__Lib_MathDouble.c,156 :: 		
0x0052	0x0E01      	MOVLW       1
;__Lib_MathDouble.c,157 :: 		
0x0054	0x6E03      	MOVWF       R3, 0
;__Lib_MathDouble.c,158 :: 		
0x0056	0x6A02      	CLRF        R2, 0
;__Lib_MathDouble.c,159 :: 		
0x0058	0x6A01      	CLRF        R1, 0
;__Lib_MathDouble.c,160 :: 		
0x005A	0x6A00      	CLRF        R0, 0
;__Lib_MathDouble.c,161 :: 		
0x005C	0x360A      	RLCF        R10, 1, 0
;__Lib_MathDouble.c,162 :: 		
0x005E	0x3202      	RRCF        R2, 1, 0
;__Lib_MathDouble.c,163 :: 		
SETFUN32EEE:
;__Lib_MathDouble.c,164 :: 		
0x0060	0x0EFF      	MOVLW       255
;__Lib_MathDouble.c,166 :: 		
L_end_SETFUN32:
0x0062	0x0012      	RETURN      0
; end of _SETFUN32
_Mul_16X16_U:
;__Lib_Math.c,440 :: 		
;__Lib_Math.c,447 :: 		
0x0064	0x6A0B      	CLRF        R11, 0
;__Lib_Math.c,448 :: 		
0x0066	0x6A0A      	CLRF        R10, 0
;__Lib_Math.c,449 :: 		
0x0068	0x6A09      	CLRF        R9, 0
;__Lib_Math.c,450 :: 		
0x006A	0x5000      	MOVF        R0, 0, 0
;__Lib_Math.c,451 :: 		
0x006C	0x0204      	MULWF       R4, 0
;__Lib_Math.c,453 :: 		
0x006E	0xF009CFF4  	MOVFF       PRODH, R9
;__Lib_Math.c,454 :: 		
0x0072	0xF008CFF3  	MOVFF       PRODL, R8
;__Lib_Math.c,455 :: 		
0x0076	0x5001      	MOVF        R1, 0, 0
;__Lib_Math.c,456 :: 		
0x0078	0x0205      	MULWF       R5, 0
;__Lib_Math.c,458 :: 		
0x007A	0xF00BCFF4  	MOVFF       PRODH, R11
;__Lib_Math.c,459 :: 		
0x007E	0xF00ACFF3  	MOVFF       PRODL, R10
;__Lib_Math.c,460 :: 		
0x0082	0x5000      	MOVF        R0, 0, 0
;__Lib_Math.c,461 :: 		
0x0084	0x0205      	MULWF       R5, 0
;__Lib_Math.c,463 :: 		
0x0086	0x50F3      	MOVF        PRODL, 0, 0
;__Lib_Math.c,464 :: 		
0x0088	0x2609      	ADDWF       R9, 1, 0
;__Lib_Math.c,465 :: 		
0x008A	0x50F4      	MOVF        PRODH, 0, 0
;__Lib_Math.c,466 :: 		
0x008C	0x220A      	ADDWFC      R10, 1, 0
;__Lib_Math.c,467 :: 		
0x008E	0x6AE8      	CLRF        WREG, 0
;__Lib_Math.c,468 :: 		
0x0090	0x220B      	ADDWFC      R11, 1, 0
;__Lib_Math.c,469 :: 		
0x0092	0x5001      	MOVF        R1, 0, 0
;__Lib_Math.c,470 :: 		
0x0094	0x0204      	MULWF       R4, 0
;__Lib_Math.c,472 :: 		
0x0096	0x50F3      	MOVF        PRODL, 0, 0
;__Lib_Math.c,473 :: 		
0x0098	0x2609      	ADDWF       R9, 1, 0
;__Lib_Math.c,474 :: 		
0x009A	0x50F4      	MOVF        PRODH, 0, 0
;__Lib_Math.c,475 :: 		
0x009C	0x220A      	ADDWFC      R10, 1, 0
;__Lib_Math.c,476 :: 		
0x009E	0x6AE8      	CLRF        WREG, 0
;__Lib_Math.c,477 :: 		
0x00A0	0x220B      	ADDWFC      R11, 1, 0
;__Lib_Math.c,479 :: 		
0x00A2	0xF000C008  	MOVFF       R8, R0
;__Lib_Math.c,480 :: 		
0x00A6	0xF001C009  	MOVFF       R9, R1
;__Lib_Math.c,481 :: 		
0x00AA	0xF002C00A  	MOVFF       R10, R2
;__Lib_Math.c,482 :: 		
0x00AE	0xF003C00B  	MOVFF       R11, R3
;__Lib_Math.c,485 :: 		
L_end_Mul_16X16_U:
0x00B2	0x0012      	RETURN      0
; end of _Mul_16X16_U
_NRM4032:
;__Lib_MathDouble.c,174 :: 		
;__Lib_MathDouble.c,183 :: 		
0x00B4	0xB00C      	BTFSC       R12, 0, 0
;__Lib_MathDouble.c,184 :: 		
0x00B6	0xF000EF9C  	GOTO        NRMRND4032
;__Lib_MathDouble.c,185 :: 		
0x00BA	0xA20C      	BTFSS       R12, 1, 0
;__Lib_MathDouble.c,186 :: 		
0x00BC	0xF001EF42  	GOTO        NRM40JPSETFOV32
;__Lib_MathDouble.c,188 :: 		
0x00C0	0x6A0E      	CLRF        R14, 0
;__Lib_MathDouble.c,189 :: 		
0x00C2	0x0E00      	MOVLW       0
;__Lib_MathDouble.c,190 :: 		
0x00C4	0x6402      	CPFSGT      R2, 0
;__Lib_MathDouble.c,191 :: 		
0x00C6	0xF000EFB3  	GOTO        NRM4032A
;__Lib_MathDouble.c,194 :: 		
0x00CA	0x0EF0      	MOVLW       240
;__Lib_MathDouble.c,195 :: 		
0x00CC	0x1402      	ANDWF       R2, 0, 0
;__Lib_MathDouble.c,196 :: 		
0x00CE	0xA4D8      	BTFSS       STATUS, 2, 0
;__Lib_MathDouble.c,197 :: 		
0x00D0	0xF000EF7E  	GOTO        NORM4032
;__Lib_MathDouble.c,199 :: 		
0x00D4	0x3A02      	SWAPF       R2, 1, 0
;__Lib_MathDouble.c,200 :: 		
0x00D6	0x3801      	SWAPF       R1, 0, 0
;__Lib_MathDouble.c,201 :: 		
0x00D8	0x0B0F      	ANDLW       15
;__Lib_MathDouble.c,202 :: 		
0x00DA	0x2602      	ADDWF       R2, 1, 0
;__Lib_MathDouble.c,204 :: 		
0x00DC	0x3801      	SWAPF       R1, 0, 0
;__Lib_MathDouble.c,205 :: 		
0x00DE	0x0BF0      	ANDLW       240
;__Lib_MathDouble.c,206 :: 		
0x00E0	0x6E01      	MOVWF       R1, 0
;__Lib_MathDouble.c,207 :: 		
0x00E2	0x3800      	SWAPF       R0, 0, 0
;__Lib_MathDouble.c,208 :: 		
0x00E4	0x0B0F      	ANDLW       15
;__Lib_MathDouble.c,209 :: 		
0x00E6	0x2601      	ADDWF       R1, 1, 0
;__Lib_MathDouble.c,211 :: 		
0x00E8	0x3800      	SWAPF       R0, 0, 0
;__Lib_MathDouble.c,212 :: 		
0x00EA	0x0BF0      	ANDLW       240
;__Lib_MathDouble.c,213 :: 		
0x00EC	0x6E00      	MOVWF       R0, 0
;__Lib_MathDouble.c,214 :: 		
0x00EE	0x3808      	SWAPF       R8, 0, 0
;__Lib_MathDouble.c,215 :: 		
0x00F0	0x0B0F      	ANDLW       15
;__Lib_MathDouble.c,216 :: 		
0x00F2	0x2600      	ADDWF       R0, 1, 0
;__Lib_MathDouble.c,218 :: 		
0x00F4	0x3808      	SWAPF       R8, 0, 0
;__Lib_MathDouble.c,219 :: 		
0x00F6	0x0BF0      	ANDLW       240
;__Lib_MathDouble.c,220 :: 		
0x00F8	0x6E08      	MOVWF       R8, 0
;__Lib_MathDouble.c,222 :: 		
0x00FA	0x840E      	BSF         R14, 2, 0
;__Lib_MathDouble.c,224 :: 		
NORM4032:
;__Lib_MathDouble.c,225 :: 		
0x00FC	0x90D8      	BCF         STATUS, 0, 0
;__Lib_MathDouble.c,227 :: 		
0x00FE	0xBE02      	BTFSC       R2, 7, 0
;__Lib_MathDouble.c,228 :: 		
0x0100	0xF000EF97  	GOTO        TNORMUN4032
;__Lib_MathDouble.c,229 :: 		
0x0104	0x3608      	RLCF        R8, 1, 0
;__Lib_MathDouble.c,230 :: 		
0x0106	0x3600      	RLCF        R0, 1, 0
;__Lib_MathDouble.c,231 :: 		
0x0108	0x3601      	RLCF        R1, 1, 0
;__Lib_MathDouble.c,232 :: 		
0x010A	0x3602      	RLCF        R2, 1, 0
;__Lib_MathDouble.c,233 :: 		
0x010C	0x2A0E      	INCF        R14, 1, 0
;__Lib_MathDouble.c,234 :: 		
0x010E	0xBE02      	BTFSC       R2, 7, 0
;__Lib_MathDouble.c,235 :: 		
0x0110	0xF000EF97  	GOTO        TNORMUN4032
;__Lib_MathDouble.c,236 :: 		
0x0114	0x3608      	RLCF        R8, 1, 0
;__Lib_MathDouble.c,237 :: 		
0x0116	0x3600      	RLCF        R0, 1, 0
;__Lib_MathDouble.c,238 :: 		
0x0118	0x3601      	RLCF        R1, 1, 0
;__Lib_MathDouble.c,239 :: 		
0x011A	0x3602      	RLCF        R2, 1, 0
;__Lib_MathDouble.c,240 :: 		
0x011C	0x2A0E      	INCF        R14, 1, 0
;__Lib_MathDouble.c,241 :: 		
0x011E	0xBE02      	BTFSC       R2, 7, 0
;__Lib_MathDouble.c,242 :: 		
0x0120	0xF000EF97  	GOTO        TNORMUN4032
;__Lib_MathDouble.c,243 :: 		
0x0124	0x3608      	RLCF        R8, 1, 0
;__Lib_MathDouble.c,244 :: 		
0x0126	0x3600      	RLCF        R0, 1, 0
;__Lib_MathDouble.c,245 :: 		
0x0128	0x3601      	RLCF        R1, 1, 0
;__Lib_MathDouble.c,246 :: 		
0x012A	0x3602      	RLCF        R2, 1, 0
;__Lib_MathDouble.c,247 :: 		
0x012C	0x2A0E      	INCF        R14, 1, 0
;__Lib_MathDouble.c,249 :: 		
TNORMUN4032:
;__Lib_MathDouble.c,250 :: 		
0x012E	0x500E      	MOVF        R14, 0, 0
;__Lib_MathDouble.c,251 :: 		
0x0130	0x6403      	CPFSGT      R3, 0
;__Lib_MathDouble.c,252 :: 		
0x0132	0xF001EF38  	GOTO        NRM40JPSETFUN32
;__Lib_MathDouble.c,253 :: 		
0x0136	0x5E03      	SUBWF       R3, 1, 0
;__Lib_MathDouble.c,255 :: 		
NRMRND4032:
;__Lib_MathDouble.c,256 :: 		
0x0138	0xBC0B      	BTFSC       R11, 6, 0
;__Lib_MathDouble.c,257 :: 		
0x013A	0xAE08      	BTFSS       R8, 7, 0
;__Lib_MathDouble.c,258 :: 		
0x013C	0xF001EF3D  	GOTO        NRM40JPFIXSIGN32
;__Lib_MathDouble.c,259 :: 		
0x0140	0x80D8      	BSF         STATUS, 0, 0
;__Lib_MathDouble.c,260 :: 		
0x0142	0x0E80      	MOVLW       128
;__Lib_MathDouble.c,261 :: 		
0x0144	0x6408      	CPFSGT      R8, 0
;__Lib_MathDouble.c,262 :: 		
0x0146	0x3000      	RRCF        R0, 0, 0
;__Lib_MathDouble.c,263 :: 		
0x0148	0x0E00      	MOVLW       0
;__Lib_MathDouble.c,264 :: 		
0x014A	0x2200      	ADDWFC      R0, 1, 0
;__Lib_MathDouble.c,265 :: 		
0x014C	0x2201      	ADDWFC      R1, 1, 0
;__Lib_MathDouble.c,266 :: 		
0x014E	0x2202      	ADDWFC      R2, 1, 0
;__Lib_MathDouble.c,268 :: 		
0x0150	0xA0D8      	BTFSS       STATUS, 0, 0
;__Lib_MathDouble.c,269 :: 		
0x0152	0xF001EF3D  	GOTO        NRM40JPFIXSIGN32
;__Lib_MathDouble.c,270 :: 		
0x0156	0x3202      	RRCF        R2, 1, 0
;__Lib_MathDouble.c,271 :: 		
0x0158	0x3201      	RRCF        R1, 1, 0
;__Lib_MathDouble.c,272 :: 		
0x015A	0x3200      	RRCF        R0, 1, 0
;__Lib_MathDouble.c,273 :: 		
0x015C	0x4A03      	INFSNZ      R3, 1, 0
;__Lib_MathDouble.c,274 :: 		
0x015E	0xF001EF42  	GOTO        NRM40JPSETFOV32
;__Lib_MathDouble.c,275 :: 		
0x0162	0xF001EF3D  	GOTO        NRM40JPFIXSIGN32
;__Lib_MathDouble.c,277 :: 		
NRM4032A:
;__Lib_MathDouble.c,278 :: 		
0x0166	0xF002C001  	MOVFF       R1, R2
;__Lib_MathDouble.c,279 :: 		
0x016A	0xF001C000  	MOVFF       R0, R1
;__Lib_MathDouble.c,280 :: 		
0x016E	0xF000C008  	MOVFF       R8, R0
;__Lib_MathDouble.c,281 :: 		
0x0172	0x6A08      	CLRF        R8, 0
;__Lib_MathDouble.c,282 :: 		
0x0174	0x0E00      	MOVLW       0
;__Lib_MathDouble.c,283 :: 		
0x0176	0x860E      	BSF         R14, 3, 0
;__Lib_MathDouble.c,284 :: 		
0x0178	0x6402      	CPFSGT      R2, 0
;__Lib_MathDouble.c,285 :: 		
0x017A	0xF000EFEA  	GOTO        NRM4032B
;__Lib_MathDouble.c,288 :: 		
0x017E	0x0EF0      	MOVLW       240
;__Lib_MathDouble.c,289 :: 		
0x0180	0x1402      	ANDWF       R2, 0, 0
;__Lib_MathDouble.c,290 :: 		
0x0182	0xA4D8      	BTFSS       STATUS, 2, 0
;__Lib_MathDouble.c,291 :: 		
0x0184	0xF000EFD2  	GOTO        NORM4032A
;__Lib_MathDouble.c,292 :: 		
0x0188	0x3A02      	SWAPF       R2, 1, 0
;__Lib_MathDouble.c,293 :: 		
0x018A	0x3801      	SWAPF       R1, 0, 0
;__Lib_MathDouble.c,294 :: 		
0x018C	0x0B0F      	ANDLW       15
;__Lib_MathDouble.c,295 :: 		
0x018E	0x2602      	ADDWF       R2, 1, 0
;__Lib_MathDouble.c,297 :: 		
0x0190	0x3801      	SWAPF       R1, 0, 0
;__Lib_MathDouble.c,298 :: 		
0x0192	0x0BF0      	ANDLW       240
;__Lib_MathDouble.c,299 :: 		
0x0194	0x6E01      	MOVWF       R1, 0
;__Lib_MathDouble.c,300 :: 		
0x0196	0x3800      	SWAPF       R0, 0, 0
;__Lib_MathDouble.c,301 :: 		
0x0198	0x0B0F      	ANDLW       15
;__Lib_MathDouble.c,302 :: 		
0x019A	0x2601      	ADDWF       R1, 1, 0
;__Lib_MathDouble.c,304 :: 		
0x019C	0x3800      	SWAPF       R0, 0, 0
;__Lib_MathDouble.c,305 :: 		
0x019E	0x0BF0      	ANDLW       240
;__Lib_MathDouble.c,306 :: 		
0x01A0	0x6E00      	MOVWF       R0, 0
;__Lib_MathDouble.c,308 :: 		
0x01A2	0x840E      	BSF         R14, 2, 0
;__Lib_MathDouble.c,310 :: 		
NORM4032A:
;__Lib_MathDouble.c,311 :: 		
0x01A4	0x90D8      	BCF         STATUS, 0, 0
;__Lib_MathDouble.c,313 :: 		
0x01A6	0xBE02      	BTFSC       R2, 7, 0
;__Lib_MathDouble.c,314 :: 		
0x01A8	0xF000EF97  	GOTO        TNORMUN4032
;__Lib_MathDouble.c,315 :: 		
0x01AC	0x3600      	RLCF        R0, 1, 0
;__Lib_MathDouble.c,316 :: 		
0x01AE	0x3601      	RLCF        R1, 1, 0
;__Lib_MathDouble.c,317 :: 		
0x01B0	0x3602      	RLCF        R2, 1, 0
;__Lib_MathDouble.c,318 :: 		
0x01B2	0x2A0E      	INCF        R14, 1, 0
;__Lib_MathDouble.c,319 :: 		
0x01B4	0xBE02      	BTFSC       R2, 7, 0
;__Lib_MathDouble.c,320 :: 		
0x01B6	0xF000EF97  	GOTO        TNORMUN4032
;__Lib_MathDouble.c,321 :: 		
0x01BA	0x3600      	RLCF        R0, 1, 0
;__Lib_MathDouble.c,322 :: 		
0x01BC	0x3601      	RLCF        R1, 1, 0
;__Lib_MathDouble.c,323 :: 		
0x01BE	0x3602      	RLCF        R2, 1, 0
;__Lib_MathDouble.c,324 :: 		
0x01C0	0x2A0E      	INCF        R14, 1, 0
;__Lib_MathDouble.c,325 :: 		
0x01C2	0xBE02      	BTFSC       R2, 7, 0
;__Lib_MathDouble.c,326 :: 		
0x01C4	0xF000EF97  	GOTO        TNORMUN4032
;__Lib_MathDouble.c,327 :: 		
0x01C8	0x3600      	RLCF        R0, 1, 0
;__Lib_MathDouble.c,328 :: 		
0x01CA	0x3601      	RLCF        R1, 1, 0
;__Lib_MathDouble.c,329 :: 		
0x01CC	0x3602      	RLCF        R2, 1, 0
;__Lib_MathDouble.c,330 :: 		
0x01CE	0x2A0E      	INCF        R14, 1, 0
;__Lib_MathDouble.c,331 :: 		
0x01D0	0xF000EF97  	GOTO        TNORMUN4032
;__Lib_MathDouble.c,333 :: 		
NRM4032B:
;__Lib_MathDouble.c,334 :: 		
0x01D4	0xF002C001  	MOVFF       R1, R2
;__Lib_MathDouble.c,335 :: 		
0x01D8	0xF001C000  	MOVFF       R0, R1
;__Lib_MathDouble.c,336 :: 		
0x01DC	0x6A00      	CLRF        R0, 0
;__Lib_MathDouble.c,337 :: 		
0x01DE	0x0E00      	MOVLW       0
;__Lib_MathDouble.c,338 :: 		
0x01E0	0x960E      	BCF         R14, 3, 0
;__Lib_MathDouble.c,339 :: 		
0x01E2	0x880E      	BSF         R14, 4, 0
;__Lib_MathDouble.c,340 :: 		
0x01E4	0x6402      	CPFSGT      R2, 0
;__Lib_MathDouble.c,341 :: 		
0x01E6	0xF001EF17  	GOTO        NRM4032C
;__Lib_MathDouble.c,344 :: 		
0x01EA	0x0EF0      	MOVLW       240
;__Lib_MathDouble.c,345 :: 		
0x01EC	0x1402      	ANDWF       R2, 0, 0
;__Lib_MathDouble.c,346 :: 		
0x01EE	0xA4D8      	BTFSS       STATUS, 2, 0
;__Lib_MathDouble.c,347 :: 		
0x01F0	0xF001EF02  	GOTO        NORM4032B
;__Lib_MathDouble.c,349 :: 		
0x01F4	0x3A02      	SWAPF       R2, 1, 0
;__Lib_MathDouble.c,350 :: 		
0x01F6	0x3801      	SWAPF       R1, 0, 0
;__Lib_MathDouble.c,351 :: 		
0x01F8	0x0B0F      	ANDLW       15
;__Lib_MathDouble.c,352 :: 		
0x01FA	0x2602      	ADDWF       R2, 1, 0
;__Lib_MathDouble.c,354 :: 		
0x01FC	0x3801      	SWAPF       R1, 0, 0
;__Lib_MathDouble.c,355 :: 		
0x01FE	0x0BF0      	ANDLW       240
;__Lib_MathDouble.c,356 :: 		
0x0200	0x6E01      	MOVWF       R1, 0
;__Lib_MathDouble.c,358 :: 		
0x0202	0x840E      	BSF         R14, 2, 0
;__Lib_MathDouble.c,360 :: 		
NORM4032B:
;__Lib_MathDouble.c,361 :: 		
0x0204	0x90D8      	BCF         STATUS, 0, 0
;__Lib_MathDouble.c,362 :: 		
0x0206	0xBE02      	BTFSC       R2, 7, 0
;__Lib_MathDouble.c,363 :: 		
0x0208	0xF000EF97  	GOTO        TNORMUN4032
;__Lib_MathDouble.c,364 :: 		
0x020C	0x3601      	RLCF        R1, 1, 0
;__Lib_MathDouble.c,365 :: 		
0x020E	0x3602      	RLCF        R2, 1, 0
;__Lib_MathDouble.c,366 :: 		
0x0210	0x2A0E      	INCF        R14, 1, 0
;__Lib_MathDouble.c,367 :: 		
0x0212	0xBE02      	BTFSC       R2, 7, 0
;__Lib_MathDouble.c,368 :: 		
0x0214	0xF000EF97  	GOTO        TNORMUN4032
;__Lib_MathDouble.c,369 :: 		
0x0218	0x3601      	RLCF        R1, 1, 0
;__Lib_MathDouble.c,370 :: 		
0x021A	0x3602      	RLCF        R2, 1, 0
;__Lib_MathDouble.c,371 :: 		
0x021C	0x2A0E      	INCF        R14, 1, 0
;__Lib_MathDouble.c,372 :: 		
0x021E	0xBE02      	BTFSC       R2, 7, 0
;__Lib_MathDouble.c,373 :: 		
0x0220	0xF000EF97  	GOTO        TNORMUN4032
;__Lib_MathDouble.c,374 :: 		
0x0224	0x3601      	RLCF        R1, 1, 0
;__Lib_MathDouble.c,375 :: 		
0x0226	0x3602      	RLCF        R2, 1, 0
;__Lib_MathDouble.c,376 :: 		
0x0228	0x2A0E      	INCF        R14, 1, 0
;__Lib_MathDouble.c,377 :: 		
0x022A	0xF000EF97  	GOTO        TNORMUN4032
;__Lib_MathDouble.c,379 :: 		
NRM4032C:
;__Lib_MathDouble.c,380 :: 		
0x022E	0xF002C001  	MOVFF       R1, R2
;__Lib_MathDouble.c,381 :: 		
0x0232	0x6A01      	CLRF        R1, 0
;__Lib_MathDouble.c,382 :: 		
0x0234	0x0E00      	MOVLW       0
;__Lib_MathDouble.c,383 :: 		
0x0236	0x860E      	BSF         R14, 3, 0
;__Lib_MathDouble.c,384 :: 		
0x0238	0x6402      	CPFSGT      R2, 0
;__Lib_MathDouble.c,385 :: 		
0x023A	0xF001EF47  	GOTO        NRM40JPRES032
;__Lib_MathDouble.c,388 :: 		
0x023E	0x0EF0      	MOVLW       240
;__Lib_MathDouble.c,389 :: 		
0x0240	0x1402      	ANDWF       R2, 0, 0
;__Lib_MathDouble.c,390 :: 		
0x0242	0xA4D8      	BTFSS       STATUS, 2, 0
;__Lib_MathDouble.c,391 :: 		
0x0244	0xF001EF26  	GOTO        NORM4032C
;__Lib_MathDouble.c,392 :: 		
0x0248	0x3A02      	SWAPF       R2, 1, 0
;__Lib_MathDouble.c,394 :: 		
0x024A	0x840E      	BSF         R14, 2, 0
;__Lib_MathDouble.c,396 :: 		
NORM4032C:
;__Lib_MathDouble.c,397 :: 		
0x024C	0x90D8      	BCF         STATUS, 0, 0
;__Lib_MathDouble.c,399 :: 		
0x024E	0xBE02      	BTFSC       R2, 7, 0
;__Lib_MathDouble.c,400 :: 		
0x0250	0xF000EF97  	GOTO        TNORMUN4032
;__Lib_MathDouble.c,401 :: 		
0x0254	0x3602      	RLCF        R2, 1, 0
;__Lib_MathDouble.c,402 :: 		
0x0256	0x2A0E      	INCF        R14, 1, 0
;__Lib_MathDouble.c,403 :: 		
0x0258	0xBE02      	BTFSC       R2, 7, 0
;__Lib_MathDouble.c,404 :: 		
0x025A	0xF000EF97  	GOTO        TNORMUN4032
;__Lib_MathDouble.c,405 :: 		
0x025E	0x3602      	RLCF        R2, 1, 0
;__Lib_MathDouble.c,406 :: 		
0x0260	0x2A0E      	INCF        R14, 1, 0
;__Lib_MathDouble.c,407 :: 		
0x0262	0xBE02      	BTFSC       R2, 7, 0
;__Lib_MathDouble.c,408 :: 		
0x0264	0xF000EF97  	GOTO        TNORMUN4032
;__Lib_MathDouble.c,409 :: 		
0x0268	0x3602      	RLCF        R2, 1, 0
;__Lib_MathDouble.c,410 :: 		
0x026A	0x2A0E      	INCF        R14, 1, 0
;__Lib_MathDouble.c,411 :: 		
0x026C	0xF000EF97  	GOTO        TNORMUN4032
;__Lib_MathDouble.c,413 :: 		
NRM40JPSETFUN32:
;__Lib_MathDouble.c,414 :: 		
0x0270	0x0E01      	MOVLW       1
;__Lib_MathDouble.c,415 :: 		
0x0272	0x6E0C      	MOVWF       R12, 0
;__Lib_MathDouble.c,417 :: 		
0x0274	0xDEEA      	RCALL       _SETFUN32
;__Lib_MathDouble.c,419 :: 		
0x0276	0xF001EF4A  	GOTO        NRM40EEE
;__Lib_MathDouble.c,420 :: 		
NRM40JPFIXSIGN32:
;__Lib_MathDouble.c,421 :: 		
0x027A	0x0E02      	MOVLW       2
;__Lib_MathDouble.c,422 :: 		
0x027C	0x6E0C      	MOVWF       R12, 0
;__Lib_MathDouble.c,424 :: 		
0x027E	0xDEE1      	RCALL       _FIXSIGN32
;__Lib_MathDouble.c,426 :: 		
0x0280	0xF001EF4A  	GOTO        NRM40EEE
;__Lib_MathDouble.c,427 :: 		
NRM40JPSETFOV32:
;__Lib_MathDouble.c,428 :: 		
0x0284	0x0E04      	MOVLW       4
;__Lib_MathDouble.c,429 :: 		
0x0286	0x6E0C      	MOVWF       R12, 0
;__Lib_MathDouble.c,431 :: 		
0x0288	0xDED0      	RCALL       _SETFOV32
;__Lib_MathDouble.c,433 :: 		
0x028A	0xF001EF4A  	GOTO        NRM40EEE
;__Lib_MathDouble.c,434 :: 		
NRM40JPRES032:
;__Lib_MathDouble.c,435 :: 		
0x028E	0x0E08      	MOVLW       8
;__Lib_MathDouble.c,436 :: 		
0x0290	0x6E0C      	MOVWF       R12, 0
;__Lib_MathDouble.c,438 :: 		
0x0292	0xDEC4      	RCALL       _RES032
;__Lib_MathDouble.c,440 :: 		
NRM40EEE:
;__Lib_MathDouble.c,448 :: 		
L_end_NRM4032:
0x0294	0x0012      	RETURN      0
; end of _NRM4032
_SETIOV3224:
;__Lib_MathDouble.c,530 :: 		
;__Lib_MathDouble.c,537 :: 		
0x0296	0x800B      	BSF         R11, 0, 0
;__Lib_MathDouble.c,538 :: 		
0x0298	0xAE0B      	BTFSS       R11, 7, 0
;__Lib_MathDouble.c,539 :: 		
0x029A	0xF001EF57  	GOTO        SETIOV3224EEE
;__Lib_MathDouble.c,541 :: 		
0x029E	0x6A02      	CLRF        R2, 0
;__Lib_MathDouble.c,542 :: 		
0x02A0	0xAE0A      	BTFSS       R10, 7, 0
;__Lib_MathDouble.c,543 :: 		
0x02A2	0x0EFF      	MOVLW       255
;__Lib_MathDouble.c,544 :: 		
0x02A4	0x6E02      	MOVWF       R2, 0
;__Lib_MathDouble.c,545 :: 		
0x02A6	0x6E01      	MOVWF       R1, 0
;__Lib_MathDouble.c,546 :: 		
0x02A8	0x6E00      	MOVWF       R0, 0
;__Lib_MathDouble.c,547 :: 		
0x02AA	0x360A      	RLCF        R10, 1, 0
;__Lib_MathDouble.c,548 :: 		
0x02AC	0x3202      	RRCF        R2, 1, 0
;__Lib_MathDouble.c,549 :: 		
SETIOV3224EEE:
;__Lib_MathDouble.c,550 :: 		
0x02AE	0x0EFF      	MOVLW       255
;__Lib_MathDouble.c,552 :: 		
L_end_SETIOV3224:
0x02B0	0x0012      	RETURN      0
; end of _SETIOV3224
_Add_32x32_FP:
;__Lib_MathDouble.c,563 :: 		
;__Lib_MathDouble.c,578 :: 		
0x02B2	0x5002      	MOVF        R2, 0, 0
;__Lib_MathDouble.c,579 :: 		
0x02B4	0x1806      	XORWF       R6, 0, 0
;__Lib_MathDouble.c,580 :: 		
0x02B6	0x6E0E      	MOVWF       R14, 0
;__Lib_MathDouble.c,582 :: 		
0x02B8	0x6A08      	CLRF        R8, 0
;__Lib_MathDouble.c,583 :: 		
0x02BA	0x6A09      	CLRF        R9, 0
;__Lib_MathDouble.c,584 :: 		
0x02BC	0x6A0B      	CLRF        R11, 0
;__Lib_MathDouble.c,586 :: 		
0x02BE	0x5003      	MOVF        R3, 0, 0
;__Lib_MathDouble.c,587 :: 		
0x02C0	0x6407      	CPFSGT      R7, 0
;__Lib_MathDouble.c,588 :: 		
0x02C2	0xF002EF4C  	GOTO        USEA32
;__Lib_MathDouble.c,591 :: 		
0x02C6	0x5006      	MOVF        R6, 0, 0
;__Lib_MathDouble.c,592 :: 		
0x02C8	0x6E0A      	MOVWF       R10, 0
;__Lib_MathDouble.c,593 :: 		
0x02CA	0x8E06      	BSF         R6, 7, 0
;__Lib_MathDouble.c,594 :: 		
0x02CC	0x8E02      	BSF         R2, 7, 0
;__Lib_MathDouble.c,596 :: 		
0x02CE	0x5003      	MOVF        R3, 0, 0
;__Lib_MathDouble.c,597 :: 		
0x02D0	0x6E0B      	MOVWF       R11, 0
;__Lib_MathDouble.c,598 :: 		
0x02D2	0x5007      	MOVF        R7, 0, 0
;__Lib_MathDouble.c,599 :: 		
0x02D4	0x6E03      	MOVWF       R3, 0
;__Lib_MathDouble.c,601 :: 		
0x02D6	0x0E00      	MOVLW       0
;__Lib_MathDouble.c,602 :: 		
0x02D8	0x640B      	CPFSGT      R11, 0
;__Lib_MathDouble.c,603 :: 		
0x02DA	0xF001EF9C  	GOTO        BRETURN32
;__Lib_MathDouble.c,604 :: 		
0x02DE	0x500B      	MOVF        R11, 0, 0
;__Lib_MathDouble.c,605 :: 		
0x02E0	0x5E07      	SUBWF       R7, 1, 0
;__Lib_MathDouble.c,606 :: 		
0x02E2	0xB4D8      	BTFSC       STATUS, 2, 0
;__Lib_MathDouble.c,607 :: 		
0x02E4	0xF002EF3D  	GOTO        BLIGNED32
;__Lib_MathDouble.c,609 :: 		
0x02E8	0x0E07      	MOVLW       7
;__Lib_MathDouble.c,610 :: 		
0x02EA	0x6407      	CPFSGT      R7, 0
;__Lib_MathDouble.c,611 :: 		
0x02EC	0xF002EF0B  	GOTO        BNIB32
;__Lib_MathDouble.c,613 :: 		
0x02F0	0x5E07      	SUBWF       R7, 1, 0
;__Lib_MathDouble.c,614 :: 		
0x02F2	0xF008C000  	MOVFF       R0, R8
;__Lib_MathDouble.c,615 :: 		
0x02F6	0xF000C001  	MOVFF       R1, R0
;__Lib_MathDouble.c,616 :: 		
0x02FA	0xF001C002  	MOVFF       R2, R1
;__Lib_MathDouble.c,617 :: 		
0x02FE	0x6A02      	CLRF        R2, 0
;__Lib_MathDouble.c,618 :: 		
0x0300	0x4E07      	DCFSNZ      R7, 1, 0
;__Lib_MathDouble.c,619 :: 		
0x0302	0xF002EF3D  	GOTO        BLIGNED32
;__Lib_MathDouble.c,621 :: 		
0x0306	0x6407      	CPFSGT      R7, 0
;__Lib_MathDouble.c,622 :: 		
0x0308	0xF001EFE0  	GOTO        BNIB32A
;__Lib_MathDouble.c,623 :: 		
0x030C	0x5E07      	SUBWF       R7, 1, 0
;__Lib_MathDouble.c,624 :: 		
0x030E	0xF008C000  	MOVFF       R0, R8
;__Lib_MathDouble.c,625 :: 		
0x0312	0xF000C001  	MOVFF       R1, R0
;__Lib_MathDouble.c,626 :: 		
0x0316	0x6A01      	CLRF        R1, 0
;__Lib_MathDouble.c,627 :: 		
0x0318	0x4E07      	DCFSNZ      R7, 1, 0
;__Lib_MathDouble.c,628 :: 		
0x031A	0xF002EF3D  	GOTO        BLIGNED32
;__Lib_MathDouble.c,630 :: 		
0x031E	0x6407      	CPFSGT      R7, 0
;__Lib_MathDouble.c,631 :: 		
0x0320	0xF001EFBE  	GOTO        BNIB32B
;__Lib_MathDouble.c,632 :: 		
0x0324	0x5E07      	SUBWF       R7, 1, 0
;__Lib_MathDouble.c,633 :: 		
0x0326	0xF008C000  	MOVFF       R0, R8
;__Lib_MathDouble.c,634 :: 		
0x032A	0x6A00      	CLRF        R0, 0
;__Lib_MathDouble.c,635 :: 		
0x032C	0x4E07      	DCFSNZ      R7, 1, 0
;__Lib_MathDouble.c,636 :: 		
0x032E	0xF002EF3D  	GOTO        BLIGNED32
;__Lib_MathDouble.c,638 :: 		
0x0332	0x6407      	CPFSGT      R7, 0
;__Lib_MathDouble.c,639 :: 		
0x0334	0xF001EFA5  	GOTO        BNIB32C
;__Lib_MathDouble.c,641 :: 		
BRETURN32:
;__Lib_MathDouble.c,642 :: 		
0x0338	0xF002C00A  	MOVFF       R10, R2
;__Lib_MathDouble.c,643 :: 		
0x033C	0xF001C005  	MOVFF       R5, R1
;__Lib_MathDouble.c,644 :: 		
0x0340	0xF000C004  	MOVFF       R4, R0
;__Lib_MathDouble.c,645 :: 		
0x0344	0x6A08      	CLRF        R8, 0
;__Lib_MathDouble.c,646 :: 		
0x0346	0xF003EF66  	GOTO        ADDEOK
;__Lib_MathDouble.c,648 :: 		
BNIB32C:
;__Lib_MathDouble.c,649 :: 		
0x034A	0x0E03      	MOVLW       3
;__Lib_MathDouble.c,650 :: 		
0x034C	0x6407      	CPFSGT      R7, 0
;__Lib_MathDouble.c,651 :: 		
0x034E	0xF001EFB0  	GOTO        BLOOP32C
;__Lib_MathDouble.c,652 :: 		
0x0352	0x5E07      	SUBWF       R7, 1, 0
;__Lib_MathDouble.c,653 :: 		
0x0354	0x3808      	SWAPF       R8, 0, 0
;__Lib_MathDouble.c,654 :: 		
0x0356	0x0B0F      	ANDLW       15
;__Lib_MathDouble.c,655 :: 		
0x0358	0x6E08      	MOVWF       R8, 0
;__Lib_MathDouble.c,656 :: 		
0x035A	0x4E07      	DCFSNZ      R7, 1, 0
;__Lib_MathDouble.c,657 :: 		
0x035C	0xF002EF3D  	GOTO        BLIGNED32
;__Lib_MathDouble.c,659 :: 		
BLOOP32C:
;__Lib_MathDouble.c,660 :: 		
0x0360	0x90D8      	BCF         STATUS, 0, 0
;__Lib_MathDouble.c,661 :: 		
0x0362	0x3208      	RRCF        R8, 1, 0
;__Lib_MathDouble.c,662 :: 		
0x0364	0x4E07      	DCFSNZ      R7, 1, 0
;__Lib_MathDouble.c,663 :: 		
0x0366	0xF002EF3D  	GOTO        BLIGNED32
;__Lib_MathDouble.c,664 :: 		
0x036A	0x90D8      	BCF         STATUS, 0, 0
;__Lib_MathDouble.c,665 :: 		
0x036C	0x3208      	RRCF        R8, 1, 0
;__Lib_MathDouble.c,666 :: 		
0x036E	0x4E07      	DCFSNZ      R7, 1, 0
;__Lib_MathDouble.c,667 :: 		
0x0370	0xF002EF3D  	GOTO        BLIGNED32
;__Lib_MathDouble.c,668 :: 		
0x0374	0x90D8      	BCF         STATUS, 0, 0
;__Lib_MathDouble.c,669 :: 		
0x0376	0x3208      	RRCF        R8, 1, 0
;__Lib_MathDouble.c,670 :: 		
0x0378	0xF002EF3D  	GOTO        BLIGNED32
;__Lib_MathDouble.c,672 :: 		
BNIB32B:
;__Lib_MathDouble.c,673 :: 		
0x037C	0x0E03      	MOVLW       3
;__Lib_MathDouble.c,674 :: 		
0x037E	0x6407      	CPFSGT      R7, 0
;__Lib_MathDouble.c,675 :: 		
0x0380	0xF001EFCF  	GOTO        BLOOP32B
;__Lib_MathDouble.c,676 :: 		
0x0384	0x5E07      	SUBWF       R7, 1, 0
;__Lib_MathDouble.c,677 :: 		
0x0386	0x3808      	SWAPF       R8, 0, 0
;__Lib_MathDouble.c,678 :: 		
0x0388	0x0B0F      	ANDLW       15
;__Lib_MathDouble.c,679 :: 		
0x038A	0x6E08      	MOVWF       R8, 0
;__Lib_MathDouble.c,680 :: 		
0x038C	0x3800      	SWAPF       R0, 0, 0
;__Lib_MathDouble.c,681 :: 		
0x038E	0x0BF0      	ANDLW       240
;__Lib_MathDouble.c,682 :: 		
0x0390	0x2608      	ADDWF       R8, 1, 0
;__Lib_MathDouble.c,683 :: 		
0x0392	0x3800      	SWAPF       R0, 0, 0
;__Lib_MathDouble.c,684 :: 		
0x0394	0x0B0F      	ANDLW       15
;__Lib_MathDouble.c,685 :: 		
0x0396	0x6E00      	MOVWF       R0, 0
;__Lib_MathDouble.c,686 :: 		
0x0398	0x4E07      	DCFSNZ      R7, 1, 0
;__Lib_MathDouble.c,687 :: 		
0x039A	0xF002EF3D  	GOTO        BLIGNED32
;__Lib_MathDouble.c,689 :: 		
BLOOP32B:
;__Lib_MathDouble.c,690 :: 		
0x039E	0x90D8      	BCF         STATUS, 0, 0
;__Lib_MathDouble.c,691 :: 		
0x03A0	0x3200      	RRCF        R0, 1, 0
;__Lib_MathDouble.c,692 :: 		
0x03A2	0x3208      	RRCF        R8, 1, 0
;__Lib_MathDouble.c,693 :: 		
0x03A4	0x4E07      	DCFSNZ      R7, 1, 0
;__Lib_MathDouble.c,694 :: 		
0x03A6	0xF002EF3D  	GOTO        BLIGNED32
;__Lib_MathDouble.c,695 :: 		
0x03AA	0x90D8      	BCF         STATUS, 0, 0
;__Lib_MathDouble.c,696 :: 		
0x03AC	0x3200      	RRCF        R0, 1, 0
;__Lib_MathDouble.c,697 :: 		
0x03AE	0x3208      	RRCF        R8, 1, 0
;__Lib_MathDouble.c,698 :: 		
0x03B0	0x4E07      	DCFSNZ      R7, 1, 0
;__Lib_MathDouble.c,699 :: 		
0x03B2	0xF002EF3D  	GOTO        BLIGNED32
;__Lib_MathDouble.c,700 :: 		
0x03B6	0x90D8      	BCF         STATUS, 0, 0
;__Lib_MathDouble.c,701 :: 		
0x03B8	0x3200      	RRCF        R0, 1, 0
;__Lib_MathDouble.c,702 :: 		
0x03BA	0x3208      	RRCF        R8, 1, 0
;__Lib_MathDouble.c,703 :: 		
0x03BC	0xF002EF3D  	GOTO        BLIGNED32
;__Lib_MathDouble.c,705 :: 		
BNIB32A:
;__Lib_MathDouble.c,706 :: 		
0x03C0	0x0E03      	MOVLW       3
;__Lib_MathDouble.c,707 :: 		
0x03C2	0x6407      	CPFSGT      R7, 0
;__Lib_MathDouble.c,708 :: 		
0x03C4	0xF001EFF7  	GOTO        BLOOP32A
;__Lib_MathDouble.c,709 :: 		
0x03C8	0x5E07      	SUBWF       R7, 1, 0
;__Lib_MathDouble.c,710 :: 		
0x03CA	0x3808      	SWAPF       R8, 0, 0
;__Lib_MathDouble.c,711 :: 		
0x03CC	0x0B0F      	ANDLW       15
;__Lib_MathDouble.c,712 :: 		
0x03CE	0x6E08      	MOVWF       R8, 0
;__Lib_MathDouble.c,713 :: 		
0x03D0	0x3800      	SWAPF       R0, 0, 0
;__Lib_MathDouble.c,714 :: 		
0x03D2	0x0BF0      	ANDLW       240
;__Lib_MathDouble.c,715 :: 		
0x03D4	0x2608      	ADDWF       R8, 1, 0
;__Lib_MathDouble.c,716 :: 		
0x03D6	0x3800      	SWAPF       R0, 0, 0
;__Lib_MathDouble.c,717 :: 		
0x03D8	0x0B0F      	ANDLW       15
;__Lib_MathDouble.c,718 :: 		
0x03DA	0x6E00      	MOVWF       R0, 0
;__Lib_MathDouble.c,719 :: 		
0x03DC	0x3801      	SWAPF       R1, 0, 0
;__Lib_MathDouble.c,720 :: 		
0x03DE	0x0BF0      	ANDLW       240
;__Lib_MathDouble.c,721 :: 		
0x03E0	0x2600      	ADDWF       R0, 1, 0
;__Lib_MathDouble.c,722 :: 		
0x03E2	0x3801      	SWAPF       R1, 0, 0
;__Lib_MathDouble.c,723 :: 		
0x03E4	0x0B0F      	ANDLW       15
;__Lib_MathDouble.c,724 :: 		
0x03E6	0x6E01      	MOVWF       R1, 0
;__Lib_MathDouble.c,725 :: 		
0x03E8	0x4E07      	DCFSNZ      R7, 1, 0
;__Lib_MathDouble.c,726 :: 		
0x03EA	0xF002EF3D  	GOTO        BLIGNED32
;__Lib_MathDouble.c,728 :: 		
BLOOP32A:
;__Lib_MathDouble.c,729 :: 		
0x03EE	0x90D8      	BCF         STATUS, 0, 0
;__Lib_MathDouble.c,730 :: 		
0x03F0	0x3201      	RRCF        R1, 1, 0
;__Lib_MathDouble.c,731 :: 		
0x03F2	0x3200      	RRCF        R0, 1, 0
;__Lib_MathDouble.c,732 :: 		
0x03F4	0x3208      	RRCF        R8, 1, 0
;__Lib_MathDouble.c,733 :: 		
0x03F6	0x4E07      	DCFSNZ      R7, 1, 0
;__Lib_MathDouble.c,734 :: 		
0x03F8	0xF002EF3D  	GOTO        BLIGNED32
;__Lib_MathDouble.c,735 :: 		
0x03FC	0x90D8      	BCF         STATUS, 0, 0
;__Lib_MathDouble.c,736 :: 		
0x03FE	0x3201      	RRCF        R1, 1, 0
;__Lib_MathDouble.c,737 :: 		
0x0400	0x3200      	RRCF        R0, 1, 0
;__Lib_MathDouble.c,738 :: 		
0x0402	0x3208      	RRCF        R8, 1, 0
;__Lib_MathDouble.c,739 :: 		
0x0404	0x4E07      	DCFSNZ      R7, 1, 0
;__Lib_MathDouble.c,740 :: 		
0x0406	0xF002EF3D  	GOTO        BLIGNED32
;__Lib_MathDouble.c,741 :: 		
0x040A	0x90D8      	BCF         STATUS, 0, 0
;__Lib_MathDouble.c,742 :: 		
0x040C	0x3201      	RRCF        R1, 1, 0
;__Lib_MathDouble.c,743 :: 		
0x040E	0x3200      	RRCF        R0, 1, 0
;__Lib_MathDouble.c,744 :: 		
0x0410	0x3208      	RRCF        R8, 1, 0
;__Lib_MathDouble.c,745 :: 		
0x0412	0xF002EF3D  	GOTO        BLIGNED32
;__Lib_MathDouble.c,747 :: 		
BNIB32:
;__Lib_MathDouble.c,748 :: 		
0x0416	0x0E03      	MOVLW       3
;__Lib_MathDouble.c,749 :: 		
0x0418	0x6407      	CPFSGT      R7, 0
;__Lib_MathDouble.c,750 :: 		
0x041A	0xF002EF28  	GOTO        BLOOP32
;__Lib_MathDouble.c,751 :: 		
0x041E	0x5E07      	SUBWF       R7, 1, 0
;__Lib_MathDouble.c,752 :: 		
0x0420	0x3808      	SWAPF       R8, 0, 0
;__Lib_MathDouble.c,753 :: 		
0x0422	0x0B0F      	ANDLW       15
;__Lib_MathDouble.c,754 :: 		
0x0424	0x6E08      	MOVWF       R8, 0
;__Lib_MathDouble.c,755 :: 		
0x0426	0x3800      	SWAPF       R0, 0, 0
;__Lib_MathDouble.c,756 :: 		
0x0428	0x0BF0      	ANDLW       240
;__Lib_MathDouble.c,757 :: 		
0x042A	0x2608      	ADDWF       R8, 1, 0
;__Lib_MathDouble.c,758 :: 		
0x042C	0x3800      	SWAPF       R0, 0, 0
;__Lib_MathDouble.c,759 :: 		
0x042E	0x0B0F      	ANDLW       15
;__Lib_MathDouble.c,760 :: 		
0x0430	0x6E00      	MOVWF       R0, 0
;__Lib_MathDouble.c,761 :: 		
0x0432	0x3801      	SWAPF       R1, 0, 0
;__Lib_MathDouble.c,762 :: 		
0x0434	0x0BF0      	ANDLW       240
;__Lib_MathDouble.c,763 :: 		
0x0436	0x2600      	ADDWF       R0, 1, 0
;__Lib_MathDouble.c,764 :: 		
0x0438	0x3801      	SWAPF       R1, 0, 0
;__Lib_MathDouble.c,765 :: 		
0x043A	0x0B0F      	ANDLW       15
;__Lib_MathDouble.c,766 :: 		
0x043C	0x6E01      	MOVWF       R1, 0
;__Lib_MathDouble.c,767 :: 		
0x043E	0x3802      	SWAPF       R2, 0, 0
;__Lib_MathDouble.c,768 :: 		
0x0440	0x0BF0      	ANDLW       240
;__Lib_MathDouble.c,769 :: 		
0x0442	0x2601      	ADDWF       R1, 1, 0
;__Lib_MathDouble.c,770 :: 		
0x0444	0x3802      	SWAPF       R2, 0, 0
;__Lib_MathDouble.c,771 :: 		
0x0446	0x0B0F      	ANDLW       15
;__Lib_MathDouble.c,772 :: 		
0x0448	0x6E02      	MOVWF       R2, 0
;__Lib_MathDouble.c,773 :: 		
0x044A	0x4E07      	DCFSNZ      R7, 1, 0
;__Lib_MathDouble.c,774 :: 		
0x044C	0xF002EF3D  	GOTO        BLIGNED32
;__Lib_MathDouble.c,776 :: 		
BLOOP32:
;__Lib_MathDouble.c,777 :: 		
0x0450	0x90D8      	BCF         STATUS, 0, 0
;__Lib_MathDouble.c,778 :: 		
0x0452	0x3202      	RRCF        R2, 1, 0
;__Lib_MathDouble.c,779 :: 		
0x0454	0x3201      	RRCF        R1, 1, 0
;__Lib_MathDouble.c,780 :: 		
0x0456	0x3200      	RRCF        R0, 1, 0
;__Lib_MathDouble.c,781 :: 		
0x0458	0x3208      	RRCF        R8, 1, 0
;__Lib_MathDouble.c,782 :: 		
0x045A	0x4E07      	DCFSNZ      R7, 1, 0
;__Lib_MathDouble.c,783 :: 		
0x045C	0xF002EF3D  	GOTO        BLIGNED32
;__Lib_MathDouble.c,784 :: 		
0x0460	0x90D8      	BCF         STATUS, 0, 0
;__Lib_MathDouble.c,785 :: 		
0x0462	0x3202      	RRCF        R2, 1, 0
;__Lib_MathDouble.c,786 :: 		
0x0464	0x3201      	RRCF        R1, 1, 0
;__Lib_MathDouble.c,787 :: 		
0x0466	0x3200      	RRCF        R0, 1, 0
;__Lib_MathDouble.c,788 :: 		
0x0468	0x3208      	RRCF        R8, 1, 0
;__Lib_MathDouble.c,789 :: 		
0x046A	0x4E07      	DCFSNZ      R7, 1, 0
;__Lib_MathDouble.c,790 :: 		
0x046C	0xF002EF3D  	GOTO        BLIGNED32
;__Lib_MathDouble.c,791 :: 		
0x0470	0x90D8      	BCF         STATUS, 0, 0
;__Lib_MathDouble.c,792 :: 		
0x0472	0x3202      	RRCF        R2, 1, 0
;__Lib_MathDouble.c,793 :: 		
0x0474	0x3201      	RRCF        R1, 1, 0
;__Lib_MathDouble.c,794 :: 		
0x0476	0x3200      	RRCF        R0, 1, 0
;__Lib_MathDouble.c,795 :: 		
0x0478	0x3208      	RRCF        R8, 1, 0
;__Lib_MathDouble.c,797 :: 		
BLIGNED32:
;__Lib_MathDouble.c,798 :: 		
0x047A	0x6A09      	CLRF        R9, 0
;__Lib_MathDouble.c,799 :: 		
0x047C	0x0E00      	MOVLW       0
;__Lib_MathDouble.c,800 :: 		
0x047E	0xAE0E      	BTFSS       R14, 7, 0
;__Lib_MathDouble.c,801 :: 		
0x0480	0xF003EF31  	GOTO        AOK32
;__Lib_MathDouble.c,802 :: 		
0x0484	0x1E08      	COMF        R8, 1, 0
;__Lib_MathDouble.c,803 :: 		
0x0486	0x1E00      	COMF        R0, 1, 0
;__Lib_MathDouble.c,804 :: 		
0x0488	0x1E01      	COMF        R1, 1, 0
;__Lib_MathDouble.c,805 :: 		
0x048A	0x1E02      	COMF        R2, 1, 0
;__Lib_MathDouble.c,806 :: 		
0x048C	0x2A08      	INCF        R8, 1, 0
;__Lib_MathDouble.c,807 :: 		
0x048E	0x2200      	ADDWFC      R0, 1, 0
;__Lib_MathDouble.c,808 :: 		
0x0490	0x2201      	ADDWFC      R1, 1, 0
;__Lib_MathDouble.c,809 :: 		
0x0492	0x2202      	ADDWFC      R2, 1, 0
;__Lib_MathDouble.c,810 :: 		
0x0494	0xF003EF31  	GOTO        AOK32
;__Lib_MathDouble.c,812 :: 		
USEA32:
;__Lib_MathDouble.c,813 :: 		
0x0498	0x5007      	MOVF        R7, 0, 0
;__Lib_MathDouble.c,814 :: 		
0x049A	0xA4D8      	BTFSS       STATUS, 2, 0
;__Lib_MathDouble.c,815 :: 		
0x049C	0xF002EF52  	GOTO        BNE032
;__Lib_MathDouble.c,816 :: 		
0x04A0	0xF003EF66  	GOTO        ADDEOK
;__Lib_MathDouble.c,818 :: 		
BNE032:
;__Lib_MathDouble.c,819 :: 		
0x04A4	0x6A09      	CLRF        R9, 0
;__Lib_MathDouble.c,820 :: 		
0x04A6	0xF00AC002  	MOVFF       R2, R10
;__Lib_MathDouble.c,821 :: 		
0x04AA	0x8E02      	BSF         R2, 7, 0
;__Lib_MathDouble.c,822 :: 		
0x04AC	0x8E06      	BSF         R6, 7, 0
;__Lib_MathDouble.c,824 :: 		
0x04AE	0x5007      	MOVF        R7, 0, 0
;__Lib_MathDouble.c,825 :: 		
0x04B0	0x5C03      	SUBWF       R3, 0, 0
;__Lib_MathDouble.c,826 :: 		
0x04B2	0x6E07      	MOVWF       R7, 0
;__Lib_MathDouble.c,827 :: 		
0x04B4	0xB4D8      	BTFSC       STATUS, 2, 0
;__Lib_MathDouble.c,828 :: 		
0x04B6	0xF003EF24  	GOTO        ALIGNED32
;__Lib_MathDouble.c,830 :: 		
0x04BA	0x0E07      	MOVLW       7
;__Lib_MathDouble.c,831 :: 		
0x04BC	0x6407      	CPFSGT      R7, 0
;__Lib_MathDouble.c,832 :: 		
0x04BE	0xF002EFF2  	GOTO        ANIB32
;__Lib_MathDouble.c,833 :: 		
0x04C2	0x5E07      	SUBWF       R7, 1, 0
;__Lib_MathDouble.c,834 :: 		
0x04C4	0x5004      	MOVF        R4, 0, 0
;__Lib_MathDouble.c,835 :: 		
0x04C6	0x6E09      	MOVWF       R9, 0
;__Lib_MathDouble.c,836 :: 		
0x04C8	0x5005      	MOVF        R5, 0, 0
;__Lib_MathDouble.c,837 :: 		
0x04CA	0x6E04      	MOVWF       R4, 0
;__Lib_MathDouble.c,838 :: 		
0x04CC	0x5006      	MOVF        R6, 0, 0
;__Lib_MathDouble.c,839 :: 		
0x04CE	0x6E05      	MOVWF       R5, 0
;__Lib_MathDouble.c,840 :: 		
0x04D0	0x6A06      	CLRF        R6, 0
;__Lib_MathDouble.c,841 :: 		
0x04D2	0x4E07      	DCFSNZ      R7, 1, 0
;__Lib_MathDouble.c,842 :: 		
0x04D4	0xF003EF24  	GOTO        ALIGNED32
;__Lib_MathDouble.c,844 :: 		
0x04D8	0x0E07      	MOVLW       7
;__Lib_MathDouble.c,845 :: 		
0x04DA	0x6407      	CPFSGT      R7, 0
;__Lib_MathDouble.c,846 :: 		
0x04DC	0xF002EFC7  	GOTO        ANIB32A
;__Lib_MathDouble.c,847 :: 		
0x04E0	0x5E07      	SUBWF       R7, 1, 0
;__Lib_MathDouble.c,848 :: 		
0x04E2	0x5004      	MOVF        R4, 0, 0
;__Lib_MathDouble.c,849 :: 		
0x04E4	0x6E09      	MOVWF       R9, 0
;__Lib_MathDouble.c,850 :: 		
0x04E6	0x5005      	MOVF        R5, 0, 0
;__Lib_MathDouble.c,851 :: 		
0x04E8	0x6E04      	MOVWF       R4, 0
;__Lib_MathDouble.c,852 :: 		
0x04EA	0x6A05      	CLRF        R5, 0
;__Lib_MathDouble.c,853 :: 		
0x04EC	0x4E07      	DCFSNZ      R7, 1, 0
;__Lib_MathDouble.c,854 :: 		
0x04EE	0xF003EF24  	GOTO        ALIGNED32
;__Lib_MathDouble.c,856 :: 		
0x04F2	0x0E07      	MOVLW       7
;__Lib_MathDouble.c,857 :: 		
0x04F4	0x6407      	CPFSGT      R7, 0
;__Lib_MathDouble.c,858 :: 		
0x04F6	0xF002EFA5  	GOTO        ANIB32B
;__Lib_MathDouble.c,859 :: 		
0x04FA	0x5E07      	SUBWF       R7, 1, 0
;__Lib_MathDouble.c,860 :: 		
0x04FC	0x5004      	MOVF        R4, 0, 0
;__Lib_MathDouble.c,861 :: 		
0x04FE	0x6E09      	MOVWF       R9, 0
;__Lib_MathDouble.c,862 :: 		
0x0500	0x6A04      	CLRF        R4, 0
;__Lib_MathDouble.c,863 :: 		
0x0502	0x4E07      	DCFSNZ      R7, 1, 0
;__Lib_MathDouble.c,864 :: 		
0x0504	0xF003EF24  	GOTO        ALIGNED32
;__Lib_MathDouble.c,866 :: 		
0x0508	0x0E07      	MOVLW       7
;__Lib_MathDouble.c,867 :: 		
0x050A	0x6407      	CPFSGT      R7, 0
;__Lib_MathDouble.c,868 :: 		
0x050C	0xF002EF8C  	GOTO        ANIB32C
;__Lib_MathDouble.c,870 :: 		
0x0510	0xF002C00A  	MOVFF       R10, R2
;__Lib_MathDouble.c,871 :: 		
0x0514	0xF003EF66  	GOTO        ADDEOK
;__Lib_MathDouble.c,873 :: 		
ANIB32C:
;__Lib_MathDouble.c,874 :: 		
0x0518	0x0E03      	MOVLW       3
;__Lib_MathDouble.c,875 :: 		
0x051A	0x6407      	CPFSGT      R7, 0
;__Lib_MathDouble.c,876 :: 		
0x051C	0xF002EF97  	GOTO        ALOOP32C
;__Lib_MathDouble.c,877 :: 		
0x0520	0x5E07      	SUBWF       R7, 1, 0
;__Lib_MathDouble.c,878 :: 		
0x0522	0x3809      	SWAPF       R9, 0, 0
;__Lib_MathDouble.c,879 :: 		
0x0524	0x0B0F      	ANDLW       15
;__Lib_MathDouble.c,880 :: 		
0x0526	0x6E09      	MOVWF       R9, 0
;__Lib_MathDouble.c,881 :: 		
0x0528	0x4E07      	DCFSNZ      R7, 1, 0
;__Lib_MathDouble.c,882 :: 		
0x052A	0xF003EF24  	GOTO        ALIGNED32
;__Lib_MathDouble.c,884 :: 		
ALOOP32C:
;__Lib_MathDouble.c,885 :: 		
0x052E	0x90D8      	BCF         STATUS, 0, 0
;__Lib_MathDouble.c,886 :: 		
0x0530	0x3209      	RRCF        R9, 1, 0
;__Lib_MathDouble.c,887 :: 		
0x0532	0x4E07      	DCFSNZ      R7, 1, 0
;__Lib_MathDouble.c,888 :: 		
0x0534	0xF003EF24  	GOTO        ALIGNED32
;__Lib_MathDouble.c,889 :: 		
0x0538	0x90D8      	BCF         STATUS, 0, 0
;__Lib_MathDouble.c,890 :: 		
0x053A	0x3209      	RRCF        R9, 1, 0
;__Lib_MathDouble.c,891 :: 		
0x053C	0x4E07      	DCFSNZ      R7, 1, 0
;__Lib_MathDouble.c,892 :: 		
0x053E	0xF003EF24  	GOTO        ALIGNED32
;__Lib_MathDouble.c,893 :: 		
0x0542	0x90D8      	BCF         STATUS, 0, 0
;__Lib_MathDouble.c,894 :: 		
0x0544	0x3209      	RRCF        R9, 1, 0
;__Lib_MathDouble.c,895 :: 		
0x0546	0xF003EF24  	GOTO        ALIGNED32
;__Lib_MathDouble.c,897 :: 		
ANIB32B:
;__Lib_MathDouble.c,898 :: 		
0x054A	0x0E03      	MOVLW       3
;__Lib_MathDouble.c,899 :: 		
0x054C	0x6407      	CPFSGT      R7, 0
;__Lib_MathDouble.c,900 :: 		
0x054E	0xF002EFB6  	GOTO        ALOOP32B
;__Lib_MathDouble.c,901 :: 		
0x0552	0x5E07      	SUBWF       R7, 1, 0
;__Lib_MathDouble.c,902 :: 		
0x0554	0x3809      	SWAPF       R9, 0, 0
;__Lib_MathDouble.c,903 :: 		
0x0556	0x0B0F      	ANDLW       15
;__Lib_MathDouble.c,904 :: 		
0x0558	0x6E09      	MOVWF       R9, 0
;__Lib_MathDouble.c,905 :: 		
0x055A	0x3804      	SWAPF       R4, 0, 0
;__Lib_MathDouble.c,906 :: 		
0x055C	0x0BF0      	ANDLW       240
;__Lib_MathDouble.c,907 :: 		
0x055E	0x2609      	ADDWF       R9, 1, 0
;__Lib_MathDouble.c,908 :: 		
0x0560	0x3804      	SWAPF       R4, 0, 0
;__Lib_MathDouble.c,909 :: 		
0x0562	0x0B0F      	ANDLW       15
;__Lib_MathDouble.c,910 :: 		
0x0564	0x6E04      	MOVWF       R4, 0
;__Lib_MathDouble.c,911 :: 		
0x0566	0x4E07      	DCFSNZ      R7, 1, 0
;__Lib_MathDouble.c,912 :: 		
0x0568	0xF003EF24  	GOTO        ALIGNED32
;__Lib_MathDouble.c,914 :: 		
ALOOP32B:
;__Lib_MathDouble.c,915 :: 		
0x056C	0x90D8      	BCF         STATUS, 0, 0
;__Lib_MathDouble.c,916 :: 		
0x056E	0x3204      	RRCF        R4, 1, 0
;__Lib_MathDouble.c,917 :: 		
0x0570	0x3209      	RRCF        R9, 1, 0
;__Lib_MathDouble.c,918 :: 		
0x0572	0x4E07      	DCFSNZ      R7, 1, 0
;__Lib_MathDouble.c,919 :: 		
0x0574	0xF003EF24  	GOTO        ALIGNED32
;__Lib_MathDouble.c,920 :: 		
0x0578	0x90D8      	BCF         STATUS, 0, 0
;__Lib_MathDouble.c,921 :: 		
0x057A	0x3204      	RRCF        R4, 1, 0
;__Lib_MathDouble.c,922 :: 		
0x057C	0x3209      	RRCF        R9, 1, 0
;__Lib_MathDouble.c,923 :: 		
0x057E	0x4E07      	DCFSNZ      R7, 1, 0
;__Lib_MathDouble.c,924 :: 		
0x0580	0xF003EF24  	GOTO        ALIGNED32
;__Lib_MathDouble.c,925 :: 		
0x0584	0x90D8      	BCF         STATUS, 0, 0
;__Lib_MathDouble.c,926 :: 		
0x0586	0x3204      	RRCF        R4, 1, 0
;__Lib_MathDouble.c,927 :: 		
0x0588	0x3209      	RRCF        R9, 1, 0
;__Lib_MathDouble.c,928 :: 		
0x058A	0xF003EF24  	GOTO        ALIGNED32
;__Lib_MathDouble.c,930 :: 		
ANIB32A:
;__Lib_MathDouble.c,931 :: 		
0x058E	0x0E03      	MOVLW       3
;__Lib_MathDouble.c,932 :: 		
0x0590	0x6407      	CPFSGT      R7, 0
;__Lib_MathDouble.c,933 :: 		
0x0592	0xF002EFDE  	GOTO        ALOOP32A
;__Lib_MathDouble.c,934 :: 		
0x0596	0x5E07      	SUBWF       R7, 1, 0
;__Lib_MathDouble.c,935 :: 		
0x0598	0x3809      	SWAPF       R9, 0, 0
;__Lib_MathDouble.c,936 :: 		
0x059A	0x0B0F      	ANDLW       15
;__Lib_MathDouble.c,937 :: 		
0x059C	0x6E09      	MOVWF       R9, 0
;__Lib_MathDouble.c,938 :: 		
0x059E	0x3804      	SWAPF       R4, 0, 0
;__Lib_MathDouble.c,939 :: 		
0x05A0	0x0BF0      	ANDLW       240
;__Lib_MathDouble.c,940 :: 		
0x05A2	0x2609      	ADDWF       R9, 1, 0
;__Lib_MathDouble.c,941 :: 		
0x05A4	0x3804      	SWAPF       R4, 0, 0
;__Lib_MathDouble.c,942 :: 		
0x05A6	0x0B0F      	ANDLW       15
;__Lib_MathDouble.c,943 :: 		
0x05A8	0x6E04      	MOVWF       R4, 0
;__Lib_MathDouble.c,944 :: 		
0x05AA	0x3805      	SWAPF       R5, 0, 0
;__Lib_MathDouble.c,945 :: 		
0x05AC	0x0BF0      	ANDLW       240
;__Lib_MathDouble.c,946 :: 		
0x05AE	0x2604      	ADDWF       R4, 1, 0
;__Lib_MathDouble.c,947 :: 		
0x05B0	0x3805      	SWAPF       R5, 0, 0
;__Lib_MathDouble.c,948 :: 		
0x05B2	0x0B0F      	ANDLW       15
;__Lib_MathDouble.c,949 :: 		
0x05B4	0x6E05      	MOVWF       R5, 0
;__Lib_MathDouble.c,950 :: 		
0x05B6	0x4E07      	DCFSNZ      R7, 1, 0
;__Lib_MathDouble.c,951 :: 		
0x05B8	0xF003EF24  	GOTO        ALIGNED32
;__Lib_MathDouble.c,953 :: 		
ALOOP32A:
;__Lib_MathDouble.c,954 :: 		
0x05BC	0x90D8      	BCF         STATUS, 0, 0
;__Lib_MathDouble.c,955 :: 		
0x05BE	0x3205      	RRCF        R5, 1, 0
;__Lib_MathDouble.c,956 :: 		
0x05C0	0x3204      	RRCF        R4, 1, 0
;__Lib_MathDouble.c,957 :: 		
0x05C2	0x3209      	RRCF        R9, 1, 0
;__Lib_MathDouble.c,958 :: 		
0x05C4	0x4E07      	DCFSNZ      R7, 1, 0
;__Lib_MathDouble.c,959 :: 		
0x05C6	0xF003EF24  	GOTO        ALIGNED32
;__Lib_MathDouble.c,960 :: 		
0x05CA	0x90D8      	BCF         STATUS, 0, 0
;__Lib_MathDouble.c,961 :: 		
0x05CC	0x3205      	RRCF        R5, 1, 0
;__Lib_MathDouble.c,962 :: 		
0x05CE	0x3204      	RRCF        R4, 1, 0
;__Lib_MathDouble.c,963 :: 		
0x05D0	0x3209      	RRCF        R9, 1, 0
;__Lib_MathDouble.c,964 :: 		
0x05D2	0x4E07      	DCFSNZ      R7, 1, 0
;__Lib_MathDouble.c,965 :: 		
0x05D4	0xF003EF24  	GOTO        ALIGNED32
;__Lib_MathDouble.c,966 :: 		
0x05D8	0x90D8      	BCF         STATUS, 0, 0
;__Lib_MathDouble.c,967 :: 		
0x05DA	0x3205      	RRCF        R5, 1, 0
;__Lib_MathDouble.c,968 :: 		
0x05DC	0x3204      	RRCF        R4, 1, 0
;__Lib_MathDouble.c,969 :: 		
0x05DE	0x3209      	RRCF        R9, 1, 0
;__Lib_MathDouble.c,970 :: 		
0x05E0	0xF003EF24  	GOTO        ALIGNED32
;__Lib_MathDouble.c,972 :: 		
ANIB32:
;__Lib_MathDouble.c,973 :: 		
0x05E4	0x0E03      	MOVLW       3
;__Lib_MathDouble.c,974 :: 		
0x05E6	0x6407      	CPFSGT      R7, 0
;__Lib_MathDouble.c,975 :: 		
0x05E8	0xF003EF0F  	GOTO        ALOOP32
;__Lib_MathDouble.c,976 :: 		
0x05EC	0x5E07      	SUBWF       R7, 1, 0
;__Lib_MathDouble.c,977 :: 		
0x05EE	0x3809      	SWAPF       R9, 0, 0
;__Lib_MathDouble.c,978 :: 		
0x05F0	0x0B0F      	ANDLW       15
;__Lib_MathDouble.c,979 :: 		
0x05F2	0x6E09      	MOVWF       R9, 0
;__Lib_MathDouble.c,980 :: 		
0x05F4	0x3804      	SWAPF       R4, 0, 0
;__Lib_MathDouble.c,981 :: 		
0x05F6	0x0BF0      	ANDLW       240
;__Lib_MathDouble.c,982 :: 		
0x05F8	0x2609      	ADDWF       R9, 1, 0
;__Lib_MathDouble.c,983 :: 		
0x05FA	0x3804      	SWAPF       R4, 0, 0
;__Lib_MathDouble.c,984 :: 		
0x05FC	0x0B0F      	ANDLW       15
;__Lib_MathDouble.c,985 :: 		
0x05FE	0x6E04      	MOVWF       R4, 0
;__Lib_MathDouble.c,986 :: 		
0x0600	0x3805      	SWAPF       R5, 0, 0
;__Lib_MathDouble.c,987 :: 		
0x0602	0x0BF0      	ANDLW       240
;__Lib_MathDouble.c,988 :: 		
0x0604	0x2604      	ADDWF       R4, 1, 0
;__Lib_MathDouble.c,989 :: 		
0x0606	0x3805      	SWAPF       R5, 0, 0
;__Lib_MathDouble.c,990 :: 		
0x0608	0x0B0F      	ANDLW       15
;__Lib_MathDouble.c,991 :: 		
0x060A	0x6E05      	MOVWF       R5, 0
;__Lib_MathDouble.c,992 :: 		
0x060C	0x3806      	SWAPF       R6, 0, 0
;__Lib_MathDouble.c,993 :: 		
0x060E	0x0BF0      	ANDLW       240
;__Lib_MathDouble.c,994 :: 		
0x0610	0x2605      	ADDWF       R5, 1, 0
;__Lib_MathDouble.c,995 :: 		
0x0612	0x3806      	SWAPF       R6, 0, 0
;__Lib_MathDouble.c,996 :: 		
0x0614	0x0B0F      	ANDLW       15
;__Lib_MathDouble.c,997 :: 		
0x0616	0x6E06      	MOVWF       R6, 0
;__Lib_MathDouble.c,998 :: 		
0x0618	0x4E07      	DCFSNZ      R7, 1, 0
;__Lib_MathDouble.c,999 :: 		
0x061A	0xF003EF24  	GOTO        ALIGNED32
;__Lib_MathDouble.c,1001 :: 		
ALOOP32:
;__Lib_MathDouble.c,1002 :: 		
0x061E	0x90D8      	BCF         STATUS, 0, 0
;__Lib_MathDouble.c,1003 :: 		
0x0620	0x3206      	RRCF        R6, 1, 0
;__Lib_MathDouble.c,1004 :: 		
0x0622	0x3205      	RRCF        R5, 1, 0
;__Lib_MathDouble.c,1005 :: 		
0x0624	0x3204      	RRCF        R4, 1, 0
;__Lib_MathDouble.c,1006 :: 		
0x0626	0x3209      	RRCF        R9, 1, 0
;__Lib_MathDouble.c,1007 :: 		
0x0628	0x4E07      	DCFSNZ      R7, 1, 0
;__Lib_MathDouble.c,1008 :: 		
0x062A	0xF003EF24  	GOTO        ALIGNED32
;__Lib_MathDouble.c,1009 :: 		
0x062E	0x90D8      	BCF         STATUS, 0, 0
;__Lib_MathDouble.c,1010 :: 		
0x0630	0x3206      	RRCF        R6, 1, 0
;__Lib_MathDouble.c,1011 :: 		
0x0632	0x3205      	RRCF        R5, 1, 0
;__Lib_MathDouble.c,1012 :: 		
0x0634	0x3204      	RRCF        R4, 1, 0
;__Lib_MathDouble.c,1013 :: 		
0x0636	0x3209      	RRCF        R9, 1, 0
;__Lib_MathDouble.c,1014 :: 		
0x0638	0x4E07      	DCFSNZ      R7, 1, 0
;__Lib_MathDouble.c,1015 :: 		
0x063A	0xF003EF24  	GOTO        ALIGNED32
;__Lib_MathDouble.c,1016 :: 		
0x063E	0x90D8      	BCF         STATUS, 0, 0
;__Lib_MathDouble.c,1017 :: 		
0x0640	0x3206      	RRCF        R6, 1, 0
;__Lib_MathDouble.c,1018 :: 		
0x0642	0x3205      	RRCF        R5, 1, 0
;__Lib_MathDouble.c,1019 :: 		
0x0644	0x3204      	RRCF        R4, 1, 0
;__Lib_MathDouble.c,1020 :: 		
0x0646	0x3209      	RRCF        R9, 1, 0
;__Lib_MathDouble.c,1022 :: 		
ALIGNED32:
;__Lib_MathDouble.c,1023 :: 		
0x0648	0x6A08      	CLRF        R8, 0
;__Lib_MathDouble.c,1024 :: 		
0x064A	0x0E00      	MOVLW       0
;__Lib_MathDouble.c,1025 :: 		
0x064C	0xAE0E      	BTFSS       R14, 7, 0
;__Lib_MathDouble.c,1026 :: 		
0x064E	0xF003EF31  	GOTO        AOK32
;__Lib_MathDouble.c,1027 :: 		
0x0652	0x1E09      	COMF        R9, 1, 0
;__Lib_MathDouble.c,1028 :: 		
0x0654	0x1E04      	COMF        R4, 1, 0
;__Lib_MathDouble.c,1029 :: 		
0x0656	0x1E05      	COMF        R5, 1, 0
;__Lib_MathDouble.c,1030 :: 		
0x0658	0x1E06      	COMF        R6, 1, 0
;__Lib_MathDouble.c,1031 :: 		
0x065A	0x2A09      	INCF        R9, 1, 0
;__Lib_MathDouble.c,1032 :: 		
0x065C	0x2204      	ADDWFC      R4, 1, 0
;__Lib_MathDouble.c,1033 :: 		
0x065E	0x2205      	ADDWFC      R5, 1, 0
;__Lib_MathDouble.c,1034 :: 		
0x0660	0x2206      	ADDWFC      R6, 1, 0
;__Lib_MathDouble.c,1036 :: 		
AOK32:
;__Lib_MathDouble.c,1037 :: 		
0x0662	0x5009      	MOVF        R9, 0, 0
;__Lib_MathDouble.c,1038 :: 		
0x0664	0x2608      	ADDWF       R8, 1, 0
;__Lib_MathDouble.c,1039 :: 		
0x0666	0x5004      	MOVF        R4, 0, 0
;__Lib_MathDouble.c,1040 :: 		
0x0668	0x2200      	ADDWFC      R0, 1, 0
;__Lib_MathDouble.c,1041 :: 		
0x066A	0x5005      	MOVF        R5, 0, 0
;__Lib_MathDouble.c,1042 :: 		
0x066C	0x2201      	ADDWFC      R1, 1, 0
;__Lib_MathDouble.c,1043 :: 		
0x066E	0x5006      	MOVF        R6, 0, 0
;__Lib_MathDouble.c,1044 :: 		
0x0670	0x2202      	ADDWFC      R2, 1, 0
;__Lib_MathDouble.c,1046 :: 		
0x0672	0xBE0E      	BTFSC       R14, 7, 0
;__Lib_MathDouble.c,1047 :: 		
0x0674	0xF003EF48  	GOTO        ACOMP32
;__Lib_MathDouble.c,1048 :: 		
0x0678	0xA0D8      	BTFSS       STATUS, 0, 0
;__Lib_MathDouble.c,1049 :: 		
0x067A	0xF003EF57  	GOTO        ADDJPNRMRND4032
;__Lib_MathDouble.c,1051 :: 		
0x067E	0x3202      	RRCF        R2, 1, 0
;__Lib_MathDouble.c,1052 :: 		
0x0680	0x3201      	RRCF        R1, 1, 0
;__Lib_MathDouble.c,1053 :: 		
0x0682	0x3200      	RRCF        R0, 1, 0
;__Lib_MathDouble.c,1054 :: 		
0x0684	0x3208      	RRCF        R8, 1, 0
;__Lib_MathDouble.c,1055 :: 		
0x0686	0x3E03      	INCFSZ      R3, 1, 0
;__Lib_MathDouble.c,1056 :: 		
0x0688	0xF003EF57  	GOTO        ADDJPNRMRND4032
;__Lib_MathDouble.c,1057 :: 		
0x068C	0xF003EF61  	GOTO        ADDJPSETFOV32
;__Lib_MathDouble.c,1059 :: 		
ACOMP32:
;__Lib_MathDouble.c,1060 :: 		
0x0690	0xB0D8      	BTFSC       STATUS, 0, 0
;__Lib_MathDouble.c,1061 :: 		
0x0692	0xF003EF5C  	GOTO        ADDJPNRM4032
;__Lib_MathDouble.c,1062 :: 		
0x0696	0x0E00      	MOVLW       0
;__Lib_MathDouble.c,1063 :: 		
0x0698	0x1E08      	COMF        R8, 1, 0
;__Lib_MathDouble.c,1064 :: 		
0x069A	0x1E00      	COMF        R0, 1, 0
;__Lib_MathDouble.c,1065 :: 		
0x069C	0x1E01      	COMF        R1, 1, 0
;__Lib_MathDouble.c,1066 :: 		
0x069E	0x1E02      	COMF        R2, 1, 0
;__Lib_MathDouble.c,1067 :: 		
0x06A0	0x2A08      	INCF        R8, 1, 0
;__Lib_MathDouble.c,1068 :: 		
0x06A2	0x2200      	ADDWFC      R0, 1, 0
;__Lib_MathDouble.c,1069 :: 		
0x06A4	0x2201      	ADDWFC      R1, 1, 0
;__Lib_MathDouble.c,1070 :: 		
0x06A6	0x2202      	ADDWFC      R2, 1, 0
;__Lib_MathDouble.c,1071 :: 		
0x06A8	0x7E0A      	BTG         R10, 7, 0
;__Lib_MathDouble.c,1072 :: 		
0x06AA	0xF003EF5C  	GOTO        ADDJPNRM4032
;__Lib_MathDouble.c,1074 :: 		
ADDJPNRMRND4032:
;__Lib_MathDouble.c,1075 :: 		
0x06AE	0x0E01      	MOVLW       1
;__Lib_MathDouble.c,1076 :: 		
0x06B0	0x6E0C      	MOVWF       R12, 0
;__Lib_MathDouble.c,1078 :: 		
0x06B2	0xDD00      	RCALL       _NRM4032
;__Lib_MathDouble.c,1080 :: 		
0x06B4	0xF003EF68  	GOTO        ADDEEE
;__Lib_MathDouble.c,1081 :: 		
ADDJPNRM4032:
;__Lib_MathDouble.c,1082 :: 		
0x06B8	0x0E02      	MOVLW       2
;__Lib_MathDouble.c,1083 :: 		
0x06BA	0x6E0C      	MOVWF       R12, 0
;__Lib_MathDouble.c,1085 :: 		
0x06BC	0xDCFB      	RCALL       _NRM4032
;__Lib_MathDouble.c,1087 :: 		
0x06BE	0xF003EF68  	GOTO        ADDEEE
;__Lib_MathDouble.c,1088 :: 		
ADDJPSETFOV32:
;__Lib_MathDouble.c,1089 :: 		
0x06C2	0x0E04      	MOVLW       4
;__Lib_MathDouble.c,1090 :: 		
0x06C4	0x6E0C      	MOVWF       R12, 0
;__Lib_MathDouble.c,1092 :: 		
0x06C6	0xDCB1      	RCALL       _SETFOV32
;__Lib_MathDouble.c,1094 :: 		
0x06C8	0xF003EF68  	GOTO        ADDEEE
;__Lib_MathDouble.c,1095 :: 		
ADDEOK:
;__Lib_MathDouble.c,1096 :: 		
0x06CC	0x0E00      	MOVLW       0
;__Lib_MathDouble.c,1097 :: 		
0x06CE	0x6E0C      	MOVWF       R12, 0
;__Lib_MathDouble.c,1098 :: 		
ADDEEE:
;__Lib_MathDouble.c,1105 :: 		
L_end_Add_32x32_FP:
0x06D0	0x0012      	RETURN      0
; end of _Add_32x32_FP
_PWM1_Set_Duty:
;__Lib_PWM_c21.c,42 :: 		
;__Lib_PWM_c21.c,46 :: 		
0x06D2	0x50CB      	MOVF        PR2, 0 
0x06D4	0x0F01      	ADDLW       1
0x06D6	0x6E00      	MOVWF       R0 
0x06D8	0x6A01      	CLRF        R1 
0x06DA	0x0E00      	MOVLW       0
0x06DC	0x2201      	ADDWFC      R1, 1 
0x06DE	0xF004C016  	MOVFF       FARG_PWM1_Set_Duty_new_duty, R4
0x06E2	0x0E00      	MOVLW       0
0x06E4	0x6E05      	MOVWF       R5 
0x06E6	0xDCBE      	RCALL       _Mul_16X16_U
0x06E8	0x0E06      	MOVLW       6
0x06EA	0x6E02      	MOVWF       R2 
0x06EC	0xF004C000  	MOVFF       R0, R4
0x06F0	0xF005C001  	MOVFF       R1, R5
0x06F4	0x5002      	MOVF        R2, 0 
L__PWM1_Set_Duty10:
0x06F6	0xE005      	BZ          L__PWM1_Set_Duty11
0x06F8	0x3205      	RRCF        R5, 1 
0x06FA	0x3204      	RRCF        R4, 1 
0x06FC	0x9E05      	BCF         R5, 7 
0x06FE	0x0FFF      	ADDLW       255
0x0700	0xD7FA      	BRA         L__PWM1_Set_Duty10
L__PWM1_Set_Duty11:
;__Lib_PWM_c21.c,47 :: 		
0x0702	0x0E04      	MOVLW       4
0x0704	0x6E01      	MOVWF       R1 
0x0706	0xF000C004  	MOVFF       R4, R0
0x070A	0x5001      	MOVF        R1, 0 
L__PWM1_Set_Duty12:
0x070C	0xE004      	BZ          L__PWM1_Set_Duty13
0x070E	0x3600      	RLCF        R0, 1 
0x0710	0x9000      	BCF         R0, 0 
0x0712	0x0FFF      	ADDLW       255
0x0714	0xD7FB      	BRA         L__PWM1_Set_Duty12
L__PWM1_Set_Duty13:
0x0716	0x0E30      	MOVLW       48
0x0718	0x1400      	ANDWF       R0, 0 
0x071A	0x6E03      	MOVWF       R3 
;__Lib_PWM_c21.c,48 :: 		
0x071C	0xF000C004  	MOVFF       R4, R0
0x0720	0xF001C005  	MOVFF       R5, R1
0x0724	0x3201      	RRCF        R1, 1 
0x0726	0x3200      	RRCF        R0, 1 
0x0728	0x9E01      	BCF         R1, 7 
0x072A	0x3201      	RRCF        R1, 1 
0x072C	0x3200      	RRCF        R0, 1 
0x072E	0x9E01      	BCF         R1, 7 
0x0730	0xFFBEC000  	MOVFF       R0, CCPR1L
;__Lib_PWM_c21.c,49 :: 		
0x0734	0x0E0F      	MOVLW       15
0x0736	0x16BD      	ANDWF       CCP1CON, 1 
;__Lib_PWM_c21.c,50 :: 		
0x0738	0x5003      	MOVF        R3, 0 
0x073A	0x12BD      	IORWF       CCP1CON, 1 
;__Lib_PWM_c21.c,51 :: 		
L_end_PWM1_Set_Duty:
0x073C	0x0012      	RETURN      0
; end of _PWM1_Set_Duty
_PWM1_Init:
;__Lib_PWM_c21.c,35 :: 		
;__Lib_PWM_c21.c,36 :: 		
;__Lib_PWM_c21.c,37 :: 		
0x073E	0x6ABE      	CLRF        CCPR1L 
;__Lib_PWM_c21.c,38 :: 		
0x0740	0x98BD      	BCF         CCP1CON, 4 
;__Lib_PWM_c21.c,39 :: 		
0x0742	0x9ABD      	BCF         CCP1CON, 5 
;__Lib_PWM_c21.c,40 :: 		
L_end_PWM1_Init:
0x0744	0x0012      	RETURN      0
; end of _PWM1_Init
_double2byte:
;__Lib_MathDouble.c,2154 :: 		
;__Lib_MathDouble.c,2163 :: 		
0x0746	0x6A0B      	CLRF        R11, 0
;__Lib_MathDouble.c,2164 :: 		
0x0748	0x6A0C      	CLRF        R12, 0
;__Lib_MathDouble.c,2165 :: 		
0x074A	0x6A0A      	CLRF        R10, 0
;__Lib_MathDouble.c,2167 :: 		
0x074C	0x5003      	MOVF        R3, 0, 0
;__Lib_MathDouble.c,2168 :: 		
0x074E	0xB4D8      	BTFSC       STATUS, 2, 0
;__Lib_MathDouble.c,2169 :: 		
0x0750	0xF003EFD8  	GOTO        IRES008
;__Lib_MathDouble.c,2171 :: 		
0x0754	0x9E0A      	BCF         R10, 7, 0
;__Lib_MathDouble.c,2172 :: 		
0x0756	0x8E02      	BSF         R2, 7, 0
;__Lib_MathDouble.c,2174 :: 		
0x0758	0x0E86      	MOVLW       134
;__Lib_MathDouble.c,2175 :: 		
0x075A	0x5E03      	SUBWF       R3, 1, 0
;__Lib_MathDouble.c,2176 :: 		
0x075C	0xBE03      	BTFSC       R3, 7, 0
;__Lib_MathDouble.c,2177 :: 		
0x075E	0xF003EFB6  	GOTO        SETEXP08
;__Lib_MathDouble.c,2178 :: 		
0x0762	0xB4D8      	BTFSC       STATUS, 2, 0
;__Lib_MathDouble.c,2179 :: 		
0x0764	0xF003EFB6  	GOTO        SETEXP08
;__Lib_MathDouble.c,2180 :: 		
0x0768	0xF003EFDB  	GOTO        SETIOV08
;__Lib_MathDouble.c,2181 :: 		
SETEXP08:
;__Lib_MathDouble.c,2182 :: 		
0x076C	0x6C03      	NEGF        R3, 0
;__Lib_MathDouble.c,2184 :: 		
0x076E	0x0E08      	MOVLW       8
;__Lib_MathDouble.c,2185 :: 		
0x0770	0x5C03      	SUBWF       R3, 0, 0
;__Lib_MathDouble.c,2186 :: 		
0x0772	0xA0D8      	BTFSS       STATUS, 0, 0
;__Lib_MathDouble.c,2187 :: 		
0x0774	0xF003EFC4  	GOTO        TSHIFT3208
;__Lib_MathDouble.c,2188 :: 		
0x0778	0x6E03      	MOVWF       R3, 0
;__Lib_MathDouble.c,2189 :: 		
0x077A	0x3602      	RLCF        R2, 1, 0
;__Lib_MathDouble.c,2190 :: 		
0x077C	0x6A02      	CLRF        R2, 0
;__Lib_MathDouble.c,2192 :: 		
0x077E	0x5003      	MOVF        R3, 0, 0
;__Lib_MathDouble.c,2193 :: 		
0x0780	0xA4D8      	BTFSS       STATUS, 2, 0
;__Lib_MathDouble.c,2194 :: 		
0x0782	0x90D8      	BCF         STATUS, 0, 0
;__Lib_MathDouble.c,2195 :: 		
0x0784	0xF003EFCD  	GOTO        SHIFT3208OK
;__Lib_MathDouble.c,2196 :: 		
TSHIFT3208:
;__Lib_MathDouble.c,2197 :: 		
0x0788	0x5003      	MOVF        R3, 0, 0
;__Lib_MathDouble.c,2198 :: 		
0x078A	0xB4D8      	BTFSC       STATUS, 2, 0
;__Lib_MathDouble.c,2199 :: 		
0x078C	0xF003EFCD  	GOTO        SHIFT3208OK
;__Lib_MathDouble.c,2200 :: 		
SHIFT3208:
;__Lib_MathDouble.c,2201 :: 		
0x0790	0x90D8      	BCF         STATUS, 0, 0
;__Lib_MathDouble.c,2202 :: 		
0x0792	0x3202      	RRCF        R2, 1, 0
;__Lib_MathDouble.c,2203 :: 		
0x0794	0x2E03      	DECFSZ      R3, 1, 0
;__Lib_MathDouble.c,2204 :: 		
0x0796	0xF003EFC8  	GOTO        SHIFT3208
;__Lib_MathDouble.c,2205 :: 		
SHIFT3208OK:
;__Lib_MathDouble.c,2206 :: 		
0x079A	0xBC0B      	BTFSC       R11, 6, 0
;__Lib_MathDouble.c,2207 :: 		
0x079C	0xA002      	BTFSS       R2, 0, 0
;__Lib_MathDouble.c,2208 :: 		
0x079E	0xF003EFD8  	GOTO        INT3208OK
;__Lib_MathDouble.c,2209 :: 		
0x07A2	0xA0D8      	BTFSS       STATUS, 0, 0
;__Lib_MathDouble.c,2210 :: 		
0x07A4	0xF003EFD8  	GOTO        INT3208OK
;__Lib_MathDouble.c,2211 :: 		
0x07A8	0x2A02      	INCF        R2, 1, 0
;__Lib_MathDouble.c,2212 :: 		
0x07AA	0xB4D8      	BTFSC       STATUS, 2, 0
;__Lib_MathDouble.c,2213 :: 		
0x07AC	0xF003EFE2  	GOTO        D2B_JPKSETIOV3224
;__Lib_MathDouble.c,2214 :: 		
INT3208OK:
;__Lib_MathDouble.c,2215 :: 		
IRES008:
;__Lib_MathDouble.c,2216 :: 		
0x07B0	0x6A01      	CLRF        R1, 0
;__Lib_MathDouble.c,2217 :: 		
0x07B2	0xF003EFE7  	GOTO        INT3208EOK
;__Lib_MathDouble.c,2218 :: 		
SETIOV08:
;__Lib_MathDouble.c,2219 :: 		
0x07B6	0x800B      	BSF         R11, 0, 0
;__Lib_MathDouble.c,2220 :: 		
0x07B8	0xAE0B      	BTFSS       R11, 7, 0
;__Lib_MathDouble.c,2221 :: 		
0x07BA	0xF003EFEB  	GOTO        INT3208EER
;__Lib_MathDouble.c,2223 :: 		
0x07BE	0x6A01      	CLRF        R1, 0
;__Lib_MathDouble.c,2224 :: 		
0x07C0	0xF003EFEB  	GOTO        INT3208EER
;__Lib_MathDouble.c,2225 :: 		
D2B_JPKSETIOV3224:
;__Lib_MathDouble.c,2226 :: 		
0x07C4	0x0E01      	MOVLW       1
;__Lib_MathDouble.c,2227 :: 		
0x07C6	0x6E0C      	MOVWF       R12, 0
;__Lib_MathDouble.c,2229 :: 		
0x07C8	0xDD66      	RCALL       _SETIOV3224
;__Lib_MathDouble.c,2231 :: 		
0x07CA	0xF003EFED  	GOTO        INT3208EEE
;__Lib_MathDouble.c,2232 :: 		
INT3208EOK:
;__Lib_MathDouble.c,2233 :: 		
0x07CE	0x0E00      	MOVLW       0
;__Lib_MathDouble.c,2234 :: 		
0x07D0	0x6E0C      	MOVWF       R12, 0
;__Lib_MathDouble.c,2235 :: 		
0x07D2	0xF003EFED  	GOTO        INT3208EEE
;__Lib_MathDouble.c,2236 :: 		
INT3208EER:
;__Lib_MathDouble.c,2237 :: 		
0x07D6	0x0EFF      	MOVLW       255
;__Lib_MathDouble.c,2238 :: 		
0x07D8	0x6E0C      	MOVWF       R12, 0
;__Lib_MathDouble.c,2239 :: 		
INT3208EEE:
;__Lib_MathDouble.c,2240 :: 		
0x07DA	0x5002      	MOVF        R2, 0, 0
;__Lib_MathDouble.c,2241 :: 		
0x07DC	0x6E00      	MOVWF       R0, 0
;__Lib_MathDouble.c,2246 :: 		
L_end_double2byte:
0x07DE	0x0012      	RETURN      0
; end of _double2byte
_byte2double:
;__Lib_MathDouble.c,2253 :: 		
;__Lib_MathDouble.c,2262 :: 		
0x07E0	0xF008C000  	MOVFF       R0, R8
;__Lib_MathDouble.c,2265 :: 		
0x07E4	0x6A0B      	CLRF        R11, 0
;__Lib_MathDouble.c,2266 :: 		
0x07E6	0x6A0C      	CLRF        R12, 0
;__Lib_MathDouble.c,2268 :: 		
0x07E8	0x0E9E      	MOVLW       158
;__Lib_MathDouble.c,2269 :: 		
0x07EA	0x6E03      	MOVWF       R3, 0
;__Lib_MathDouble.c,2270 :: 		
0x07EC	0x6A0A      	CLRF        R10, 0
;__Lib_MathDouble.c,2271 :: 		
0x07EE	0x6A02      	CLRF        R2, 0
;__Lib_MathDouble.c,2272 :: 		
0x07F0	0x6A01      	CLRF        R1, 0
;__Lib_MathDouble.c,2273 :: 		
0x07F2	0x6A00      	CLRF        R0, 0
;__Lib_MathDouble.c,2274 :: 		
0x07F4	0x0E02      	MOVLW       2
;__Lib_MathDouble.c,2275 :: 		
0x07F6	0x6E0C      	MOVWF       R12, 0
;__Lib_MathDouble.c,2277 :: 		
0x07F8	0xDC5D      	RCALL       _NRM4032
;__Lib_MathDouble.c,2278 :: 		
L_end_byte2double:
0x07FA	0x0012      	RETURN      0
; end of _byte2double
_PWM1_Start:
;__Lib_PWM_c21.c,53 :: 		
;__Lib_PWM_c21.c,54 :: 		
0x07FC	0x9494      	BCF         TRISC2_bit, BitPos(TRISC2_bit+0) 
;__Lib_PWM_c21.c,55 :: 		
0x07FE	0x84CA      	BSF         T2CON, 2 
;__Lib_PWM_c21.c,56 :: 		
0x0800	0x0E0C      	MOVLW       12
0x0802	0x12BD      	IORWF       CCP1CON, 1 
;__Lib_PWM_c21.c,57 :: 		
L_end_PWM1_Start:
0x0804	0x0012      	RETURN      0
; end of _PWM1_Start
_main:
;MyProject.c,1 :: 		void main()
;MyProject.c,5 :: 		PWM1_Init(5000);
0x0806	0x80CA      	BSF         T2CON, 0, 0
0x0808	0x92CA      	BCF         T2CON, 1, 0
0x080A	0x0EF9      	MOVLW       249
0x080C	0x6ECB      	MOVWF       PR2, 0
0x080E	0xDF97      	RCALL       _PWM1_Init
;MyProject.c,6 :: 		PWM1_Set_Duty(0);
0x0810	0x6A16      	CLRF        FARG_PWM1_Set_Duty_new_duty 
0x0812	0xDF5F      	RCALL       _PWM1_Set_Duty
;MyProject.c,8 :: 		PWM1_Start();
0x0814	0xDFF3      	RCALL       _PWM1_Start
;MyProject.c,12 :: 		for(duty_cycle = 0; duty_cycle < 256; duty_cycle += 0.1 * 255)
0x0816	0x6A15      	CLRF        main_duty_cycle_L0 
L_main0:
0x0818	0x0E80      	MOVLW       128
0x081A	0x6E00      	MOVWF       R0 
0x081C	0x0E80      	MOVLW       128
0x081E	0x0A01      	XORLW       1
0x0820	0x5C00      	SUBWF       R0, 0 
0x0822	0xE102      	BNZ         L__main5
0x0824	0x0E00      	MOVLW       0
0x0826	0x5C15      	SUBWF       main_duty_cycle_L0, 0 
L__main5:
0x0828	0xE220      	BC          L_main1
;MyProject.c,14 :: 		PWM1_Set_Duty(duty_cycle);
0x082A	0xF016C015  	MOVFF       main_duty_cycle_L0, FARG_PWM1_Set_Duty_new_duty
0x082E	0xDF51      	RCALL       _PWM1_Set_Duty
;MyProject.c,15 :: 		delay_ms(500);
0x0830	0x0E0D      	MOVLW       13
0x0832	0x6E0B      	MOVWF       R11, 0
0x0834	0x0EAF      	MOVLW       175
0x0836	0x6E0C      	MOVWF       R12, 0
0x0838	0x0EB6      	MOVLW       182
0x083A	0x6E0D      	MOVWF       R13, 0
L_main3:
0x083C	0x2E0D      	DECFSZ      R13, 1, 0
0x083E	0xD7FE      	BRA         L_main3
0x0840	0x2E0C      	DECFSZ      R12, 1, 0
0x0842	0xD7FC      	BRA         L_main3
0x0844	0x2E0B      	DECFSZ      R11, 1, 0
0x0846	0xD7FA      	BRA         L_main3
0x0848	0x0000      	NOP
;MyProject.c,12 :: 		for(duty_cycle = 0; duty_cycle < 256; duty_cycle += 0.1 * 255)
0x084A	0xF000C015  	MOVFF       main_duty_cycle_L0, R0
0x084E	0xDFC8      	RCALL       _byte2double
0x0850	0x0E00      	MOVLW       0
0x0852	0x6E04      	MOVWF       R4 
0x0854	0x0E00      	MOVLW       0
0x0856	0x6E05      	MOVWF       R5 
0x0858	0x0E4C      	MOVLW       76
0x085A	0x6E06      	MOVWF       R6 
0x085C	0x0E83      	MOVLW       131
0x085E	0x6E07      	MOVWF       R7 
0x0860	0xDD28      	RCALL       _Add_32x32_FP
0x0862	0xDF71      	RCALL       _double2byte
0x0864	0xF015C000  	MOVFF       R0, main_duty_cycle_L0
;MyProject.c,16 :: 		}
0x0868	0xD7D7      	BRA         L_main0
L_main1:
;MyProject.c,18 :: 		}
L_end_main:
0x086A	0xD7FF      	BRA         $+0
; end of _main
Symbol List:
//** Routines locations **
//ADDRESS    SIZE    PROCEDURE
//----------------------------------------------
0x001C      [14]    _RES032
0x002A      [24]    _SETFOV32
0x0042       [8]    _FIXSIGN32
0x004A      [26]    _SETFUN32
0x0064      [80]    _Mul_16X16_U
0x00B4     [482]    _NRM4032
0x0296      [28]    _SETIOV3224
0x02B2    [1056]    _Add_32x32_FP
0x06D2     [108]    _PWM1_Set_Duty
0x073E       [8]    _PWM1_Init
0x0746     [154]    _double2byte
0x07E0      [28]    _byte2double
0x07FC      [10]    _PWM1_Start
0x0806     [102]    _main
//** Variables locations ** 
//ADDRESS    SIZE    VARIABLE
//----------------------------------------------
0x0000       [1]    R0
0x0001       [1]    R1
0x0002       [1]    R2
0x0003       [1]    R3
0x0004       [1]    R4
0x0005       [1]    R5
0x0006       [1]    R6
0x0007       [1]    R7
0x0008       [1]    R8
0x0009       [1]    R9
0x000A       [1]    R10
0x000B       [1]    R11
0x000C       [1]    R12
0x000D       [1]    R13
0x000E       [1]    R14
0x000F       [1]    R15
0x0010       [1]    R16
0x0011       [1]    R17
0x0012       [1]    R18
0x0013       [1]    R19
0x0014       [1]    R20
0x0015       [1]    main_duty_cycle_L0
0x0016       [4]    FARG_PWM1_Init_PWM_Freq
0x0016       [1]    FARG_PWM1_Set_Duty_new_duty
0x0F94       [0]    TRISC2_bit
0x0FBD       [1]    CCP1CON
0x0FBE       [1]    CCPR1L
0x0FCA       [1]    T2CON
0x0FCB       [1]    PR2
0x0FD8       [1]    STATUS
0x0FD9       [1]    FSR2L
0x0FDA       [1]    FSR2H
0x0FDE       [1]    POSTINC2
0x0FE0       [1]    BSR
0x0FE1       [1]    FSR1L
0x0FE2       [1]    FSR1H
0x0FE4       [1]    PREINC1
0x0FE6       [1]    POSTINC1
0x0FE7       [1]    INDF1
0x0FE8       [1]    WREG
0x0FE9       [1]    FSR0L
0x0FEA       [1]    FSR0H
0x0FEE       [1]    POSTINC0
0x0FF3       [1]    PRODL
0x0FF4       [1]    PRODH
0x0FF5       [1]    TABLAT
0x0FF6       [1]    TBLPTRL
0x0FF7       [1]    TBLPTRH
0x0FF8       [1]    TBLPTRU
